#
# There is insufficient memory for the Java Runtime Environment to continue.
# Native memory allocation (mmap) failed to map 40894464 bytes for Failed to commit area from 0x000000008c000000 to 0x000000008e700000 of length 40894464.
# Possible reasons:
#   The system is out of physical RAM or swap space
#   The process is running with CompressedOops enabled, and the Java Heap may be blocking the growth of the native heap
# Possible solutions:
#   Reduce memory load on the system
#   Increase physical memory or swap space
#   Check if swap backing store is full
#   Decrease Java heap size (-Xmx/-Xms)
#   Decrease number of Java threads
#   Decrease Java thread stack sizes (-Xss)
#   Set larger code cache with -XX:ReservedCodeCacheSize=
#   JVM is running with Unscaled Compressed Oops mode in which the Java heap is
#     placed in the first 4GB address space. The Java Heap base address is the
#     maximum limit for the native heap growth. Please use -XX:HeapBaseMinAddress
#     to set the Java Heap base and to place the Java Heap above 4GB virtual address.
# This output file may be truncated or incomplete.
#
#  Out of Memory Error (./src/hotspot/os/windows/os_windows.cpp:3301), pid=8976, tid=18168
#
# JRE version: OpenJDK Runtime Environment (11.0.10) (build 11.0.10+0-b96-7249189)
# Java VM: OpenJDK 64-Bit Server VM (11.0.10+0-b96-7249189, mixed mode, tiered, compressed oops, g1 gc, windows-amd64)
# No core dump will be written. Minidumps are not enabled by default on client versions of Windows
#

---------------  S U M M A R Y ------------

Command Line: --add-opens=java.base/java.util=ALL-UNNAMED --add-opens=java.base/java.lang=ALL-UNNAMED --add-opens=java.base/java.lang.invoke=ALL-UNNAMED --add-opens=java.base/java.util=ALL-UNNAMED --add-opens=java.prefs/java.util.prefs=ALL-UNNAMED --add-opens=java.prefs/java.util.prefs=ALL-UNNAMED --add-opens=java.base/java.nio.charset=ALL-UNNAMED --add-opens=java.base/java.net=ALL-UNNAMED --add-opens=java.base/java.util.concurrent.atomic=ALL-UNNAMED -Xmx2048m -Dfile.encoding=UTF-8 -Duser.country=US -Duser.language=en -Duser.variant org.gradle.launcher.daemon.bootstrap.GradleDaemon 7.0.2

Host: Intel(R) Core(TM) i3-5005U CPU @ 2.00GHz, 4 cores, 11G,  Windows 10 , 64 bit Build 18362 (10.0.18362.1110)
Time: Tue Aug 16 07:41:59 2022 E. Africa Standard Time elapsed time: 20.407851 seconds (0d 0h 0m 20s)

---------------  T H R E A D  ---------------

Current thread (0x0000026d4ca14800):  VMThread "VM Thread" [stack: 0x000000daae400000,0x000000daae500000] [id=18168]

Stack: [0x000000daae400000,0x000000daae500000]
[error occurred during error reporting (printing stack bounds), id 0xc0000005, EXCEPTION_ACCESS_VIOLATION (0xc0000005) at pc=0x0000026d368f0f2d]

Native frames: (J=compiled Java code, j=interpreted, Vv=VM code, C=native code)
V  [jvm.dll+0x5ecfaa]
V  [jvm.dll+0x722bd5]
V  [jvm.dll+0x72412d]
V  [jvm.dll+0x724745]
V  [jvm.dll+0x7246fb]
V  [jvm.dll+0x5ec348]
V  [jvm.dll+0x5ecad8]
C  [ntdll.dll+0xa184f]
C  [ntdll.dll+0x6a889]
C  [ntdll.dll+0xa04be]
C  0x0000026d368f0f2d

VM_Operation (0x000000daaf9f5710): CollectForMetadataAllocation, mode: safepoint, requested by thread 0x0000026d4e75b800


---------------  P R O C E S S  ---------------

Threads class SMR info:
_java_thread_list=0x0000026d50b17f40, length=42, elements={
0x0000026d32e14800, 0x0000026d4ca18800, 0x0000026d4d228800, 0x0000026d4d27f000,
0x0000026d4d282000, 0x0000026d4d283800, 0x0000026d4d287800, 0x0000026d4d289000,
0x0000026d4d28c800, 0x0000026d4d3f4000, 0x0000026d4fce8000, 0x0000026d4d92b800,
0x0000026d4eb3b800, 0x0000026d4f227000, 0x0000026d4e365000, 0x0000026d507b0000,
0x0000026d4e75b800, 0x0000026d507e2000, 0x0000026d4fad7800, 0x0000026d503fe000,
0x0000026d50400800, 0x0000026d50404000, 0x0000026d50401800, 0x0000026d503ff000,
0x0000026d503ff800, 0x0000026d50402000, 0x0000026d50403000, 0x0000026d50404800,
0x0000026d4f228000, 0x0000026d4f22c000, 0x0000026d4f22e000, 0x0000026d4f22d000,
0x0000026d4f22b800, 0x0000026d4f22e800, 0x0000026d4f229000, 0x0000026d4ee46800,
0x0000026d4f230800, 0x0000026d4f22a800, 0x0000026d4f236000, 0x0000026d4f235000,
0x0000026d4f232000, 0x0000026d4f232800
}

Java Threads: ( => current thread )
  0x0000026d32e14800 JavaThread "main" [_thread_blocked, id=15608, stack(0x000000daade00000,0x000000daadf00000)]
  0x0000026d4ca18800 JavaThread "Reference Handler" daemon [_thread_blocked, id=1260, stack(0x000000daae500000,0x000000daae600000)]
  0x0000026d4d228800 JavaThread "Finalizer" daemon [_thread_blocked, id=19608, stack(0x000000daae600000,0x000000daae700000)]
  0x0000026d4d27f000 JavaThread "Signal Dispatcher" daemon [_thread_blocked, id=1424, stack(0x000000daae700000,0x000000daae800000)]
  0x0000026d4d282000 JavaThread "Attach Listener" daemon [_thread_blocked, id=15484, stack(0x000000daae800000,0x000000daae900000)]
  0x0000026d4d283800 JavaThread "Service Thread" daemon [_thread_blocked, id=15236, stack(0x000000daae900000,0x000000daaea00000)]
  0x0000026d4d287800 JavaThread "C2 CompilerThread0" daemon [_thread_blocked, id=15684, stack(0x000000daaea00000,0x000000daaeb00000)]
  0x0000026d4d289000 JavaThread "C1 CompilerThread0" daemon [_thread_blocked, id=19284, stack(0x000000daaeb00000,0x000000daaec00000)]
  0x0000026d4d28c800 JavaThread "Sweeper thread" daemon [_thread_blocked, id=19752, stack(0x000000daaec00000,0x000000daaed00000)]
  0x0000026d4d3f4000 JavaThread "Common-Cleaner" daemon [_thread_blocked, id=9168, stack(0x000000daaed00000,0x000000daaee00000)]
  0x0000026d4fce8000 JavaThread "Daemon health stats" [_thread_blocked, id=9648, stack(0x000000daaf300000,0x000000daaf400000)]
  0x0000026d4d92b800 JavaThread "Incoming local TCP Connector on port 51946" [_thread_in_native, id=3408, stack(0x000000daaef00000,0x000000daaf000000)]
  0x0000026d4eb3b800 JavaThread "Daemon periodic checks" [_thread_blocked, id=4688, stack(0x000000daaf400000,0x000000daaf500000)]
  0x0000026d4f227000 JavaThread "Daemon" [_thread_blocked, id=10540, stack(0x000000daaf500000,0x000000daaf600000)]
  0x0000026d4e365000 JavaThread "Handler for socket connection from /127.0.0.1:51946 to /127.0.0.1:51947" [_thread_in_native, id=18200, stack(0x000000daaf600000,0x000000daaf700000)]
  0x0000026d507b0000 JavaThread "Cancel handler" [_thread_blocked, id=13680, stack(0x000000daaf800000,0x000000daaf900000)]
  0x0000026d4e75b800 JavaThread "Daemon worker" [_thread_blocked, id=13808, stack(0x000000daaf900000,0x000000daafa00000)]
  0x0000026d507e2000 JavaThread "Asynchronous log dispatcher for DefaultDaemonConnection: socket connection from /127.0.0.1:51946 to /127.0.0.1:51947" [_thread_blocked, id=11624, stack(0x000000daafa00000,0x000000daafb00000)]
  0x0000026d4fad7800 JavaThread "Stdin handler" [_thread_blocked, id=1868, stack(0x000000daafb00000,0x000000daafc00000)]
  0x0000026d503fe000 JavaThread "Daemon client event forwarder" [_thread_blocked, id=11308, stack(0x000000daafc00000,0x000000daafd00000)]
  0x0000026d50400800 JavaThread "Cache worker for file hash cache (C:\Users\Francis pc\.gradle\caches\7.0.2\fileHashes)" [_thread_blocked, id=15816, stack(0x000000daaf700000,0x000000daaf800000)]
  0x0000026d50404000 JavaThread "File lock request listener" [_thread_in_native, id=10948, stack(0x000000daafd00000,0x000000daafe00000)]
  0x0000026d50401800 JavaThread "Cache worker for journal cache (C:\Users\Francis pc\.gradle\caches\journal-1)" [_thread_blocked, id=17132, stack(0x000000daafe00000,0x000000daaff00000)]
  0x0000026d503ff000 JavaThread "Cache worker for file hash cache (E:\Mark\Work\Projects\Church\.gradle\7.0.2\fileHashes)" [_thread_blocked, id=19420, stack(0x000000dab0000000,0x000000dab0100000)]
  0x0000026d503ff800 JavaThread "File watcher server" daemon [_thread_in_native, id=17864, stack(0x000000dab0100000,0x000000dab0200000)]
  0x0000026d50402000 JavaThread "File watcher consumer" daemon [_thread_blocked, id=18024, stack(0x000000dab0200000,0x000000dab0300000)]
  0x0000026d50403000 JavaThread "jar transforms" [_thread_blocked, id=18208, stack(0x000000dab0300000,0x000000dab0400000)]
  0x0000026d50404800 JavaThread "jar transforms Thread 2" [_thread_blocked, id=17972, stack(0x000000dab0400000,0x000000dab0500000)]
  0x0000026d4f228000 JavaThread "jar transforms Thread 3" [_thread_blocked, id=19464, stack(0x000000dab0500000,0x000000dab0600000)]
  0x0000026d4f22c000 JavaThread "jar transforms Thread 4" [_thread_blocked, id=19996, stack(0x000000dab0600000,0x000000dab0700000)]
  0x0000026d4f22e000 JavaThread "Cache worker for checksums cache (E:\Mark\Work\Projects\Church\.gradle\checksums)" [_thread_blocked, id=9848, stack(0x000000dab0700000,0x000000dab0800000)]
  0x0000026d4f22d000 JavaThread "Cache worker for cache directory md-supplier (C:\Users\Francis pc\.gradle\caches\7.0.2\md-supplier)" [_thread_blocked, id=12784, stack(0x000000dab0800000,0x000000dab0900000)]
  0x0000026d4f22b800 JavaThread "Cache worker for cache directory md-rule (C:\Users\Francis pc\.gradle\caches\7.0.2\md-rule)" [_thread_blocked, id=19052, stack(0x000000dab0900000,0x000000dab0a00000)]
  0x0000026d4f22e800 JavaThread "Cache worker for execution history cache (C:\Users\Francis pc\.gradle\caches\7.0.2\executionHistory)" [_thread_blocked, id=18376, stack(0x000000dab0a00000,0x000000dab0b00000)]
  0x0000026d4f229000 JavaThread "Cache worker for file content cache (C:\Users\Francis pc\.gradle\caches\7.0.2\fileContent)" [_thread_blocked, id=13208, stack(0x000000dab0b00000,0x000000dab0c00000)]
  0x0000026d4ee46800 JavaThread "C2 CompilerThread1" daemon [_thread_blocked, id=9600, stack(0x000000daaff00000,0x000000dab0000000)]
  0x0000026d4f230800 JavaThread "Cache worker for dependencies-accessors (E:\Mark\Work\Projects\Church\.gradle\7.0.2\dependencies-accessors)" [_thread_blocked, id=16824, stack(0x000000dab0c00000,0x000000dab0d00000)]
  0x0000026d4f22a800 JavaThread "Cache worker for Build Output Cleanup Cache (E:\Mark\Work\Projects\Church\.gradle\buildOutputCleanup)" [_thread_blocked, id=19656, stack(0x000000dab0d00000,0x000000dab0e00000)]
  0x0000026d4f236000 JavaThread "Build operations" [_thread_blocked, id=18640, stack(0x000000dab0e00000,0x000000dab0f00000)]
  0x0000026d4f235000 JavaThread "Build operations Thread 2" [_thread_blocked, id=19960, stack(0x000000dab0f00000,0x000000dab1000000)]
  0x0000026d4f232000 JavaThread "Build operations Thread 3" [_thread_blocked, id=14640, stack(0x000000dab1000000,0x000000dab1100000)]
  0x0000026d4f232800 JavaThread "Build operations Thread 4" [_thread_blocked, id=6304, stack(0x000000dab1100000,0x000000dab1200000)]

Other Threads:
=>0x0000026d4ca14800 VMThread "VM Thread" [stack: 0x000000daae400000,0x000000daae500000] [id=18168]
  0x0000026d4d405000 WatcherThread [stack: 0x000000daaee00000,0x000000daaef00000] [id=12988]
  0x0000026d32e2a000 GCTaskThread "GC Thread#0" [stack: 0x000000daadf00000,0x000000daae000000] [id=17740]
  0x0000026d4dedd800 GCTaskThread "GC Thread#1" [stack: 0x000000daaf000000,0x000000daaf100000] [id=904]
  0x0000026d4dff5000 GCTaskThread "GC Thread#2" [stack: 0x000000daaf100000,0x000000daaf200000] [id=19940]
  0x0000026d4dff5800 GCTaskThread "GC Thread#3" [stack: 0x000000daaf200000,0x000000daaf300000] [id=1536]
  0x0000026d32e5d800 ConcurrentGCThread "G1 Main Marker" [stack: 0x000000daae000000,0x000000daae100000] [id=19072]
  0x0000026d32e5e800 ConcurrentGCThread "G1 Conc#0" [stack: 0x000000daae100000,0x000000daae200000] [id=16680]
  0x0000026d32edd800 ConcurrentGCThread "G1 Refine#0" [stack: 0x000000daae200000,0x000000daae300000] [id=2992]
  0x0000026d4c864800 ConcurrentGCThread "G1 Young RemSet Sampling" [stack: 0x000000daae300000,0x000000daae400000] [id=18248]

Threads with active compile tasks:
C2 CompilerThread0  20446 5934       4       org.gradle.internal.service.DefaultServiceRegistry$OwnServices::getService (309 bytes)
C2 CompilerThread1  20446 5828       4       org.objectweb.asm.SymbolTable::addConstantMemberReference (147 bytes)

VM state:at safepoint (normal execution)

VM Mutex/Monitor currently owned by a thread:  ([mutex/lock_event])
[0x0000026d32e0f5b0] Threads_lock - owner thread: 0x0000026d4ca14800
[0x0000026d32e0f370] Heap_lock - owner thread: 0x0000026d4e75b800

Heap address: 0x0000000080000000, size: 2048 MB, Compressed Oops mode: 32-bit
Narrow klass base: 0x0000000000000000, Narrow klass shift: 3
Compressed class space size: 1073741824 Address: 0x0000000100000000

Heap:
 garbage-first heap   total 236544K, used 76048K [0x0000000080000000, 0x0000000100000000)
  region size 1024K, 2 young (2048K), 2 survivors (2048K)
 Metaspace       used 58439K, capacity 60147K, committed 60288K, reserved 1101824K
  class space    used 7367K, capacity 7954K, committed 8064K, reserved 1048576K
Heap Regions: E=young(eden), S=young(survivor), O=old, HS=humongous(starts), HC=humongous(continues), CS=collection set, F=free, A=archive, TAMS=top-at-mark-start (previous, next)
|   0|0x0000000080000000, 0x0000000080100000, 0x0000000080100000|100%| O|  |TAMS 0x0000000080100000, 0x0000000080100000| Untracked 
|   1|0x0000000080100000, 0x0000000080200000, 0x0000000080200000|100%| O|  |TAMS 0x0000000080200000, 0x0000000080200000| Untracked 
|   2|0x0000000080200000, 0x0000000080300000, 0x0000000080300000|100%| O|  |TAMS 0x0000000080300000, 0x0000000080300000| Untracked 
|   3|0x0000000080300000, 0x0000000080400000, 0x0000000080400000|100%|HS|  |TAMS 0x0000000080400000, 0x0000000080400000| Complete 
|   4|0x0000000080400000, 0x0000000080500000, 0x0000000080500000|100%|HC|  |TAMS 0x0000000080500000, 0x0000000080500000| Complete 
|   5|0x0000000080500000, 0x0000000080600000, 0x0000000080600000|100%|HC|  |TAMS 0x0000000080600000, 0x0000000080600000| Complete 
|   6|0x0000000080600000, 0x0000000080700000, 0x0000000080700000|100%| O|  |TAMS 0x0000000080700000, 0x0000000080700000| Untracked 
|   7|0x0000000080700000, 0x0000000080800000, 0x0000000080800000|100%| O|  |TAMS 0x0000000080800000, 0x0000000080800000| Untracked 
|   8|0x0000000080800000, 0x0000000080900000, 0x0000000080900000|100%| O|  |TAMS 0x0000000080900000, 0x0000000080900000| Untracked 
|   9|0x0000000080900000, 0x0000000080a00000, 0x0000000080a00000|100%| O|  |TAMS 0x0000000080a00000, 0x0000000080a00000| Untracked 
|  10|0x0000000080a00000, 0x0000000080b00000, 0x0000000080b00000|100%| O|  |TAMS 0x0000000080b00000, 0x0000000080b00000| Untracked 
|  11|0x0000000080b00000, 0x0000000080c00000, 0x0000000080c00000|100%|HS|  |TAMS 0x0000000080c00000, 0x0000000080c00000| Complete 
|  12|0x0000000080c00000, 0x0000000080d00000, 0x0000000080d00000|100%|HC|  |TAMS 0x0000000080d00000, 0x0000000080d00000| Complete 
|  13|0x0000000080d00000, 0x0000000080e00000, 0x0000000080e00000|100%|HS|  |TAMS 0x0000000080e00000, 0x0000000080e00000| Complete 
|  14|0x0000000080e00000, 0x0000000080f00000, 0x0000000080f00000|100%|HC|  |TAMS 0x0000000080f00000, 0x0000000080f00000| Complete 
|  15|0x0000000080f00000, 0x0000000081000000, 0x0000000081000000|100%|HC|  |TAMS 0x0000000081000000, 0x0000000081000000| Complete 
|  16|0x0000000081000000, 0x0000000081100000, 0x0000000081100000|100%|HS|  |TAMS 0x0000000081100000, 0x0000000081100000| Complete 
|  17|0x0000000081100000, 0x0000000081200000, 0x0000000081200000|100%|HC|  |TAMS 0x0000000081200000, 0x0000000081200000| Complete 
|  18|0x0000000081200000, 0x0000000081300000, 0x0000000081300000|100%|HC|  |TAMS 0x0000000081300000, 0x0000000081300000| Complete 
|  19|0x0000000081300000, 0x0000000081400000, 0x0000000081400000|100%|HC|  |TAMS 0x0000000081400000, 0x0000000081400000| Complete 
|  20|0x0000000081400000, 0x0000000081500000, 0x0000000081500000|100%|HC|  |TAMS 0x0000000081500000, 0x0000000081500000| Complete 
|  21|0x0000000081500000, 0x0000000081600000, 0x0000000081600000|100%| O|  |TAMS 0x0000000081600000, 0x0000000081600000| Untracked 
|  22|0x0000000081600000, 0x0000000081700000, 0x0000000081700000|100%| O|  |TAMS 0x0000000081700000, 0x0000000081700000| Untracked 
|  23|0x0000000081700000, 0x0000000081800000, 0x0000000081800000|100%| O|  |TAMS 0x0000000081800000, 0x0000000081800000| Untracked 
|  24|0x0000000081800000, 0x0000000081900000, 0x0000000081900000|100%| O|  |TAMS 0x0000000081900000, 0x0000000081900000| Untracked 
|  25|0x0000000081900000, 0x0000000081a00000, 0x0000000081a00000|100%| O|  |TAMS 0x0000000081996a00, 0x0000000081a00000| Untracked 
|  26|0x0000000081a00000, 0x0000000081b00000, 0x0000000081b00000|100%|HS|  |TAMS 0x0000000081a00000, 0x0000000081b00000| Complete 
|  27|0x0000000081b00000, 0x0000000081c00000, 0x0000000081c00000|100%|HC|  |TAMS 0x0000000081b00000, 0x0000000081c00000| Complete 
|  28|0x0000000081c00000, 0x0000000081d00000, 0x0000000081d00000|100%|HC|  |TAMS 0x0000000081c00000, 0x0000000081d00000| Complete 
|  29|0x0000000081d00000, 0x0000000081e00000, 0x0000000081e00000|100%|HS|  |TAMS 0x0000000081d00000, 0x0000000081e00000| Complete 
|  30|0x0000000081e00000, 0x0000000081f00000, 0x0000000081f00000|100%|HC|  |TAMS 0x0000000081e00000, 0x0000000081f00000| Complete 
|  31|0x0000000081f00000, 0x0000000082000000, 0x0000000082000000|100%|HC|  |TAMS 0x0000000081f00000, 0x0000000082000000| Complete 
|  32|0x0000000082000000, 0x0000000082100000, 0x0000000082100000|100%|HC|  |TAMS 0x0000000082000000, 0x0000000082100000| Complete 
|  33|0x0000000082100000, 0x0000000082200000, 0x0000000082200000|100%|HC|  |TAMS 0x0000000082100000, 0x0000000082200000| Complete 
|  34|0x0000000082200000, 0x0000000082300000, 0x0000000082300000|100%| O|  |TAMS 0x0000000082200000, 0x0000000082300000| Untracked 
|  35|0x0000000082300000, 0x0000000082400000, 0x0000000082400000|100%| O|  |TAMS 0x0000000082300000, 0x0000000082400000| Untracked 
|  36|0x0000000082400000, 0x0000000082500000, 0x0000000082500000|100%| O|  |TAMS 0x0000000082400000, 0x0000000082500000| Untracked 
|  37|0x0000000082500000, 0x0000000082600000, 0x0000000082600000|100%| O|  |TAMS 0x0000000082500000, 0x0000000082600000| Untracked 
|  38|0x0000000082600000, 0x0000000082700000, 0x0000000082700000|100%| O|  |TAMS 0x0000000082600000, 0x0000000082700000| Untracked 
|  39|0x0000000082700000, 0x0000000082800000, 0x0000000082800000|100%|HS|  |TAMS 0x0000000082700000, 0x0000000082800000| Complete 
|  40|0x0000000082800000, 0x0000000082900000, 0x0000000082900000|100%| O|  |TAMS 0x0000000082800000, 0x0000000082900000| Untracked 
|  41|0x0000000082900000, 0x0000000082a00000, 0x0000000082a00000|100%| O|  |TAMS 0x0000000082900000, 0x0000000082a00000| Untracked 
|  42|0x0000000082a00000, 0x0000000082b00000, 0x0000000082b00000|100%| O|  |TAMS 0x0000000082a00000, 0x0000000082b00000| Untracked 
|  43|0x0000000082b00000, 0x0000000082c00000, 0x0000000082c00000|100%|HS|  |TAMS 0x0000000082b00000, 0x0000000082c00000| Complete 
|  44|0x0000000082c00000, 0x0000000082d00000, 0x0000000082d00000|100%|HS|  |TAMS 0x0000000082c00000, 0x0000000082d00000| Complete 
|  45|0x0000000082d00000, 0x0000000082e00000, 0x0000000082e00000|100%|HS|  |TAMS 0x0000000082d00000, 0x0000000082e00000| Complete 
|  46|0x0000000082e00000, 0x0000000082f00000, 0x0000000082f00000|100%|HC|  |TAMS 0x0000000082e00000, 0x0000000082f00000| Complete 
|  47|0x0000000082f00000, 0x0000000083000000, 0x0000000083000000|100%|HC|  |TAMS 0x0000000082f00000, 0x0000000083000000| Complete 
|  48|0x0000000083000000, 0x0000000083100000, 0x0000000083100000|100%|HS|  |TAMS 0x0000000083000000, 0x0000000083100000| Complete 
|  49|0x0000000083100000, 0x0000000083200000, 0x0000000083200000|100%|HC|  |TAMS 0x0000000083100000, 0x0000000083200000| Complete 
|  50|0x0000000083200000, 0x0000000083300000, 0x0000000083300000|100%| O|  |TAMS 0x0000000083200000, 0x0000000083300000| Untracked 
|  51|0x0000000083300000, 0x0000000083400000, 0x0000000083400000|100%| O|  |TAMS 0x0000000083300000, 0x0000000083400000| Untracked 
|  52|0x0000000083400000, 0x0000000083500000, 0x0000000083500000|100%| O|  |TAMS 0x0000000083400000, 0x0000000083500000| Untracked 
|  53|0x0000000083500000, 0x0000000083600000, 0x0000000083600000|100%| O|  |TAMS 0x0000000083500000, 0x0000000083600000| Untracked 
|  54|0x0000000083600000, 0x0000000083700000, 0x0000000083700000|100%| O|  |TAMS 0x0000000083600000, 0x0000000083700000| Untracked 
|  55|0x0000000083700000, 0x0000000083800000, 0x0000000083800000|100%| O|  |TAMS 0x0000000083700000, 0x0000000083800000| Untracked 
|  56|0x0000000083800000, 0x0000000083900000, 0x0000000083900000|100%| O|  |TAMS 0x0000000083800000, 0x0000000083900000| Untracked 
|  57|0x0000000083900000, 0x0000000083a00000, 0x0000000083a00000|100%| O|  |TAMS 0x0000000083900000, 0x0000000083a00000| Untracked 
|  58|0x0000000083a00000, 0x0000000083b00000, 0x0000000083b00000|100%| O|  |TAMS 0x0000000083a00000, 0x0000000083b00000| Untracked 
|  59|0x0000000083b00000, 0x0000000083c00000, 0x0000000083c00000|100%| O|  |TAMS 0x0000000083b00000, 0x0000000083c00000| Untracked 
|  60|0x0000000083c00000, 0x0000000083d00000, 0x0000000083d00000|100%| O|  |TAMS 0x0000000083c00000, 0x0000000083d00000| Untracked 
|  61|0x0000000083d00000, 0x0000000083e00000, 0x0000000083e00000|100%| O|  |TAMS 0x0000000083d00000, 0x0000000083e00000| Untracked 
|  62|0x0000000083e00000, 0x0000000083f00000, 0x0000000083f00000|100%| O|  |TAMS 0x0000000083e00000, 0x0000000083f00000| Untracked 
|  63|0x0000000083f00000, 0x0000000084000000, 0x0000000084000000|100%| O|  |TAMS 0x0000000083f00000, 0x0000000084000000| Untracked 
|  64|0x0000000084000000, 0x0000000084100000, 0x0000000084100000|100%| O|  |TAMS 0x0000000084000000, 0x0000000084100000| Untracked 
|  65|0x0000000084100000, 0x0000000084200000, 0x0000000084200000|100%| O|  |TAMS 0x0000000084100000, 0x0000000084200000| Untracked 
|  66|0x0000000084200000, 0x0000000084300000, 0x0000000084300000|100%| O|  |TAMS 0x0000000084200000, 0x0000000084300000| Untracked 
|  67|0x0000000084300000, 0x0000000084400000, 0x0000000084400000|100%| O|  |TAMS 0x0000000084300000, 0x0000000084400000| Untracked 
|  68|0x0000000084400000, 0x0000000084500000, 0x0000000084500000|100%| O|  |TAMS 0x0000000084400000, 0x0000000084500000| Untracked 
|  69|0x0000000084500000, 0x0000000084600000, 0x0000000084600000|100%| O|  |TAMS 0x0000000084500000, 0x0000000084600000| Untracked 
|  70|0x0000000084600000, 0x0000000084700000, 0x0000000084700000|100%| O|  |TAMS 0x0000000084600000, 0x0000000084700000| Untracked 
|  71|0x0000000084700000, 0x0000000084800000, 0x0000000084800000|100%| O|  |TAMS 0x0000000084700000, 0x0000000084800000| Untracked 
|  72|0x0000000084800000, 0x000000008486e600, 0x0000000084900000| 43%| O|  |TAMS 0x0000000084800000, 0x000000008486e600| Untracked 
|  73|0x0000000084900000, 0x0000000084900000, 0x0000000084a00000|  0%| F|  |TAMS 0x0000000084900000, 0x0000000084900000| Untracked 
|  74|0x0000000084a00000, 0x0000000084a00000, 0x0000000084b00000|  0%| F|  |TAMS 0x0000000084a00000, 0x0000000084a00000| Untracked 
|  75|0x0000000084b00000, 0x0000000084b00000, 0x0000000084c00000|  0%| F|  |TAMS 0x0000000084b00000, 0x0000000084b00000| Untracked 
|  76|0x0000000084c00000, 0x0000000084c00000, 0x0000000084d00000|  0%| F|  |TAMS 0x0000000084c00000, 0x0000000084c00000| Untracked 
|  77|0x0000000084d00000, 0x0000000084d00000, 0x0000000084e00000|  0%| F|  |TAMS 0x0000000084d00000, 0x0000000084d00000| Untracked 
|  78|0x0000000084e00000, 0x0000000084e00000, 0x0000000084f00000|  0%| F|  |TAMS 0x0000000084e00000, 0x0000000084e00000| Untracked 
|  79|0x0000000084f00000, 0x0000000084f00000, 0x0000000085000000|  0%| F|  |TAMS 0x0000000084f00000, 0x0000000084f00000| Untracked 
|  80|0x0000000085000000, 0x0000000085000000, 0x0000000085100000|  0%| F|  |TAMS 0x0000000085000000, 0x0000000085000000| Untracked 
|  81|0x0000000085100000, 0x0000000085100000, 0x0000000085200000|  0%| F|  |TAMS 0x0000000085100000, 0x0000000085100000| Untracked 
|  82|0x0000000085200000, 0x0000000085200000, 0x0000000085300000|  0%| F|  |TAMS 0x0000000085200000, 0x0000000085200000| Untracked 
|  83|0x0000000085300000, 0x0000000085300000, 0x0000000085400000|  0%| F|  |TAMS 0x0000000085300000, 0x0000000085300000| Untracked 
|  84|0x0000000085400000, 0x0000000085400000, 0x0000000085500000|  0%| F|  |TAMS 0x0000000085400000, 0x0000000085400000| Untracked 
|  85|0x0000000085500000, 0x0000000085500000, 0x0000000085600000|  0%| F|  |TAMS 0x0000000085500000, 0x0000000085500000| Untracked 
|  86|0x0000000085600000, 0x0000000085600000, 0x0000000085700000|  0%| F|  |TAMS 0x0000000085600000, 0x0000000085600000| Untracked 
|  87|0x0000000085700000, 0x0000000085700000, 0x0000000085800000|  0%| F|  |TAMS 0x0000000085700000, 0x0000000085700000| Untracked 
|  88|0x0000000085800000, 0x0000000085800000, 0x0000000085900000|  0%| F|  |TAMS 0x0000000085800000, 0x0000000085800000| Untracked 
|  89|0x0000000085900000, 0x0000000085900000, 0x0000000085a00000|  0%| F|  |TAMS 0x0000000085900000, 0x0000000085900000| Untracked 
|  90|0x0000000085a00000, 0x0000000085a00000, 0x0000000085b00000|  0%| F|  |TAMS 0x0000000085a00000, 0x0000000085a00000| Untracked 
|  91|0x0000000085b00000, 0x0000000085b00000, 0x0000000085c00000|  0%| F|  |TAMS 0x0000000085b00000, 0x0000000085b00000| Untracked 
|  92|0x0000000085c00000, 0x0000000085c00000, 0x0000000085d00000|  0%| F|  |TAMS 0x0000000085c00000, 0x0000000085c00000| Untracked 
|  93|0x0000000085d00000, 0x0000000085d00000, 0x0000000085e00000|  0%| F|  |TAMS 0x0000000085d00000, 0x0000000085d00000| Untracked 
|  94|0x0000000085e00000, 0x0000000085e00000, 0x0000000085f00000|  0%| F|  |TAMS 0x0000000085e00000, 0x0000000085e00000| Untracked 
|  95|0x0000000085f00000, 0x0000000085f00000, 0x0000000086000000|  0%| F|  |TAMS 0x0000000085f00000, 0x0000000085f00000| Untracked 
|  96|0x0000000086000000, 0x0000000086000000, 0x0000000086100000|  0%| F|  |TAMS 0x0000000086000000, 0x0000000086000000| Untracked 
|  97|0x0000000086100000, 0x0000000086100000, 0x0000000086200000|  0%| F|  |TAMS 0x0000000086100000, 0x0000000086100000| Untracked 
|  98|0x0000000086200000, 0x0000000086200000, 0x0000000086300000|  0%| F|  |TAMS 0x0000000086200000, 0x0000000086200000| Untracked 
|  99|0x0000000086300000, 0x0000000086300000, 0x0000000086400000|  0%| F|  |TAMS 0x0000000086300000, 0x0000000086300000| Untracked 
| 100|0x0000000086400000, 0x0000000086400000, 0x0000000086500000|  0%| F|  |TAMS 0x0000000086400000, 0x0000000086400000| Untracked 
| 101|0x0000000086500000, 0x0000000086500000, 0x0000000086600000|  0%| F|  |TAMS 0x0000000086500000, 0x0000000086500000| Untracked 
| 102|0x0000000086600000, 0x0000000086600000, 0x0000000086700000|  0%| F|  |TAMS 0x0000000086600000, 0x0000000086600000| Untracked 
| 103|0x0000000086700000, 0x0000000086700000, 0x0000000086800000|  0%| F|  |TAMS 0x0000000086700000, 0x0000000086700000| Untracked 
| 104|0x0000000086800000, 0x0000000086800000, 0x0000000086900000|  0%| F|  |TAMS 0x0000000086800000, 0x0000000086800000| Untracked 
| 105|0x0000000086900000, 0x0000000086900000, 0x0000000086a00000|  0%| F|  |TAMS 0x0000000086900000, 0x0000000086900000| Untracked 
| 106|0x0000000086a00000, 0x0000000086a00000, 0x0000000086b00000|  0%| F|  |TAMS 0x0000000086a00000, 0x0000000086a00000| Untracked 
| 107|0x0000000086b00000, 0x0000000086b00000, 0x0000000086c00000|  0%| F|  |TAMS 0x0000000086b00000, 0x0000000086b00000| Untracked 
| 108|0x0000000086c00000, 0x0000000086c00000, 0x0000000086d00000|  0%| F|  |TAMS 0x0000000086c00000, 0x0000000086c00000| Untracked 
| 109|0x0000000086d00000, 0x0000000086d00000, 0x0000000086e00000|  0%| F|  |TAMS 0x0000000086d00000, 0x0000000086d00000| Untracked 
| 110|0x0000000086e00000, 0x0000000086e00000, 0x0000000086f00000|  0%| F|  |TAMS 0x0000000086e00000, 0x0000000086e00000| Untracked 
| 111|0x0000000086f00000, 0x0000000086f00000, 0x0000000087000000|  0%| F|  |TAMS 0x0000000086f00000, 0x0000000086f00000| Untracked 
| 112|0x0000000087000000, 0x0000000087000000, 0x0000000087100000|  0%| F|  |TAMS 0x0000000087000000, 0x0000000087000000| Untracked 
| 113|0x0000000087100000, 0x0000000087100000, 0x0000000087200000|  0%| F|  |TAMS 0x0000000087100000, 0x0000000087100000| Untracked 
| 114|0x0000000087200000, 0x0000000087200000, 0x0000000087300000|  0%| F|  |TAMS 0x0000000087200000, 0x0000000087200000| Untracked 
| 115|0x0000000087300000, 0x0000000087300000, 0x0000000087400000|  0%| F|  |TAMS 0x0000000087300000, 0x0000000087300000| Untracked 
| 116|0x0000000087400000, 0x0000000087400000, 0x0000000087500000|  0%| F|  |TAMS 0x0000000087400000, 0x0000000087400000| Untracked 
| 117|0x0000000087500000, 0x0000000087500000, 0x0000000087600000|  0%| F|  |TAMS 0x0000000087500000, 0x0000000087500000| Untracked 
| 118|0x0000000087600000, 0x0000000087600000, 0x0000000087700000|  0%| F|  |TAMS 0x0000000087600000, 0x0000000087600000| Untracked 
| 119|0x0000000087700000, 0x0000000087700000, 0x0000000087800000|  0%| F|  |TAMS 0x0000000087700000, 0x0000000087700000| Untracked 
| 120|0x0000000087800000, 0x0000000087800000, 0x0000000087900000|  0%| F|  |TAMS 0x0000000087800000, 0x0000000087800000| Untracked 
| 121|0x0000000087900000, 0x0000000087900000, 0x0000000087a00000|  0%| F|  |TAMS 0x0000000087900000, 0x0000000087900000| Untracked 
| 122|0x0000000087a00000, 0x0000000087a00000, 0x0000000087b00000|  0%| F|  |TAMS 0x0000000087a00000, 0x0000000087a00000| Untracked 
| 123|0x0000000087b00000, 0x0000000087b00000, 0x0000000087c00000|  0%| F|  |TAMS 0x0000000087b00000, 0x0000000087b00000| Untracked 
| 124|0x0000000087c00000, 0x0000000087c00000, 0x0000000087d00000|  0%| F|  |TAMS 0x0000000087c00000, 0x0000000087c00000| Untracked 
| 125|0x0000000087d00000, 0x0000000087d00000, 0x0000000087e00000|  0%| F|  |TAMS 0x0000000087d00000, 0x0000000087d00000| Untracked 
| 126|0x0000000087e00000, 0x0000000087e00000, 0x0000000087f00000|  0%| F|  |TAMS 0x0000000087e00000, 0x0000000087e00000| Untracked 
| 127|0x0000000087f00000, 0x0000000087f00000, 0x0000000088000000|  0%| F|  |TAMS 0x0000000087f00000, 0x0000000087f00000| Untracked 
| 128|0x0000000088000000, 0x0000000088000000, 0x0000000088100000|  0%| F|  |TAMS 0x0000000088000000, 0x0000000088000000| Untracked 
| 129|0x0000000088100000, 0x0000000088100000, 0x0000000088200000|  0%| F|  |TAMS 0x0000000088100000, 0x0000000088100000| Untracked 
| 130|0x0000000088200000, 0x0000000088200000, 0x0000000088300000|  0%| F|  |TAMS 0x0000000088200000, 0x0000000088200000| Untracked 
| 131|0x0000000088300000, 0x0000000088300000, 0x0000000088400000|  0%| F|  |TAMS 0x0000000088300000, 0x0000000088300000| Untracked 
| 132|0x0000000088400000, 0x0000000088400000, 0x0000000088500000|  0%| F|  |TAMS 0x0000000088400000, 0x0000000088400000| Untracked 
| 133|0x0000000088500000, 0x0000000088500000, 0x0000000088600000|  0%| F|  |TAMS 0x0000000088500000, 0x0000000088500000| Untracked 
| 134|0x0000000088600000, 0x0000000088600000, 0x0000000088700000|  0%| F|  |TAMS 0x0000000088600000, 0x0000000088600000| Untracked 
| 135|0x0000000088700000, 0x0000000088700000, 0x0000000088800000|  0%| F|  |TAMS 0x0000000088700000, 0x0000000088700000| Untracked 
| 136|0x0000000088800000, 0x0000000088800000, 0x0000000088900000|  0%| F|  |TAMS 0x0000000088800000, 0x0000000088800000| Untracked 
| 137|0x0000000088900000, 0x0000000088900000, 0x0000000088a00000|  0%| F|  |TAMS 0x0000000088900000, 0x0000000088900000| Untracked 
| 138|0x0000000088a00000, 0x0000000088a00000, 0x0000000088b00000|  0%| F|  |TAMS 0x0000000088a00000, 0x0000000088a00000| Untracked 
| 139|0x0000000088b00000, 0x0000000088b00000, 0x0000000088c00000|  0%| F|  |TAMS 0x0000000088b00000, 0x0000000088b00000| Untracked 
| 140|0x0000000088c00000, 0x0000000088c00000, 0x0000000088d00000|  0%| F|  |TAMS 0x0000000088c00000, 0x0000000088c00000| Untracked 
| 141|0x0000000088d00000, 0x0000000088d00000, 0x0000000088e00000|  0%| F|  |TAMS 0x0000000088d00000, 0x0000000088d00000| Untracked 
| 142|0x0000000088e00000, 0x0000000088e00000, 0x0000000088f00000|  0%| F|  |TAMS 0x0000000088e00000, 0x0000000088e00000| Untracked 
| 143|0x0000000088f00000, 0x0000000088f00000, 0x0000000089000000|  0%| F|  |TAMS 0x0000000088f00000, 0x0000000088f00000| Untracked 
| 144|0x0000000089000000, 0x0000000089000000, 0x0000000089100000|  0%| F|  |TAMS 0x0000000089000000, 0x0000000089000000| Untracked 
| 145|0x0000000089100000, 0x0000000089100000, 0x0000000089200000|  0%| F|  |TAMS 0x0000000089100000, 0x0000000089100000| Untracked 
| 146|0x0000000089200000, 0x0000000089200000, 0x0000000089300000|  0%| F|  |TAMS 0x0000000089200000, 0x0000000089200000| Untracked 
| 147|0x0000000089300000, 0x0000000089300000, 0x0000000089400000|  0%| F|  |TAMS 0x0000000089300000, 0x0000000089300000| Untracked 
| 148|0x0000000089400000, 0x0000000089400000, 0x0000000089500000|  0%| F|  |TAMS 0x0000000089400000, 0x0000000089400000| Untracked 
| 149|0x0000000089500000, 0x0000000089500000, 0x0000000089600000|  0%| F|  |TAMS 0x0000000089500000, 0x0000000089500000| Untracked 
| 150|0x0000000089600000, 0x0000000089600000, 0x0000000089700000|  0%| F|  |TAMS 0x0000000089600000, 0x0000000089600000| Untracked 
| 151|0x0000000089700000, 0x0000000089700000, 0x0000000089800000|  0%| F|  |TAMS 0x0000000089700000, 0x0000000089700000| Untracked 
| 152|0x0000000089800000, 0x0000000089800000, 0x0000000089900000|  0%| F|  |TAMS 0x0000000089800000, 0x0000000089800000| Untracked 
| 153|0x0000000089900000, 0x0000000089900000, 0x0000000089a00000|  0%| F|  |TAMS 0x0000000089900000, 0x0000000089900000| Untracked 
| 154|0x0000000089a00000, 0x0000000089a00000, 0x0000000089b00000|  0%| F|  |TAMS 0x0000000089a00000, 0x0000000089a00000| Untracked 
| 155|0x0000000089b00000, 0x0000000089b00000, 0x0000000089c00000|  0%| F|  |TAMS 0x0000000089b00000, 0x0000000089b00000| Untracked 
| 156|0x0000000089c00000, 0x0000000089c00000, 0x0000000089d00000|  0%| F|  |TAMS 0x0000000089c00000, 0x0000000089c00000| Untracked 
| 157|0x0000000089d00000, 0x0000000089d00000, 0x0000000089e00000|  0%| F|  |TAMS 0x0000000089d00000, 0x0000000089d00000| Untracked 
| 158|0x0000000089e00000, 0x0000000089ed5d20, 0x0000000089f00000| 83%| S|CS|TAMS 0x0000000089e00000, 0x0000000089e00000| Complete 
| 159|0x0000000089f00000, 0x000000008a000000, 0x000000008a000000|100%| S|CS|TAMS 0x0000000089f00000, 0x0000000089f00000| Complete 
| 160|0x000000008a000000, 0x000000008a000000, 0x000000008a100000|  0%| F|  |TAMS 0x000000008a000000, 0x000000008a000000| Untracked 
| 161|0x000000008a100000, 0x000000008a100000, 0x000000008a200000|  0%| F|  |TAMS 0x000000008a100000, 0x000000008a100000| Untracked 
| 162|0x000000008a200000, 0x000000008a200000, 0x000000008a300000|  0%| F|  |TAMS 0x000000008a200000, 0x000000008a200000| Untracked 
| 163|0x000000008a300000, 0x000000008a300000, 0x000000008a400000|  0%| F|  |TAMS 0x000000008a300000, 0x000000008a300000| Untracked 
| 164|0x000000008a400000, 0x000000008a400000, 0x000000008a500000|  0%| F|  |TAMS 0x000000008a400000, 0x000000008a400000| Untracked 
| 165|0x000000008a500000, 0x000000008a500000, 0x000000008a600000|  0%| F|  |TAMS 0x000000008a500000, 0x000000008a500000| Untracked 
| 166|0x000000008a600000, 0x000000008a600000, 0x000000008a700000|  0%| F|  |TAMS 0x000000008a600000, 0x000000008a600000| Untracked 
| 167|0x000000008a700000, 0x000000008a700000, 0x000000008a800000|  0%| F|  |TAMS 0x000000008a700000, 0x000000008a700000| Untracked 
| 168|0x000000008a800000, 0x000000008a800000, 0x000000008a900000|  0%| F|  |TAMS 0x000000008a800000, 0x000000008a800000| Untracked 
| 169|0x000000008a900000, 0x000000008a900000, 0x000000008aa00000|  0%| F|  |TAMS 0x000000008a900000, 0x000000008a900000| Untracked 
| 170|0x000000008aa00000, 0x000000008aa00000, 0x000000008ab00000|  0%| F|  |TAMS 0x000000008aa00000, 0x000000008aa00000| Untracked 
| 171|0x000000008ab00000, 0x000000008ab00000, 0x000000008ac00000|  0%| F|  |TAMS 0x000000008ab00000, 0x000000008ab00000| Untracked 
| 172|0x000000008ac00000, 0x000000008ac00000, 0x000000008ad00000|  0%| F|  |TAMS 0x000000008ac00000, 0x000000008ac00000| Untracked 
| 173|0x000000008ad00000, 0x000000008ad00000, 0x000000008ae00000|  0%| F|  |TAMS 0x000000008ad00000, 0x000000008ad00000| Untracked 
| 174|0x000000008ae00000, 0x000000008ae00000, 0x000000008af00000|  0%| F|  |TAMS 0x000000008ae00000, 0x000000008ae00000| Untracked 
| 175|0x000000008af00000, 0x000000008af00000, 0x000000008b000000|  0%| F|  |TAMS 0x000000008af00000, 0x000000008af00000| Untracked 
| 176|0x000000008b000000, 0x000000008b000000, 0x000000008b100000|  0%| F|  |TAMS 0x000000008b000000, 0x000000008b000000| Untracked 
| 177|0x000000008b100000, 0x000000008b100000, 0x000000008b200000|  0%| F|  |TAMS 0x000000008b100000, 0x000000008b100000| Untracked 
| 178|0x000000008b200000, 0x000000008b200000, 0x000000008b300000|  0%| F|  |TAMS 0x000000008b200000, 0x000000008b200000| Untracked 
| 179|0x000000008b300000, 0x000000008b300000, 0x000000008b400000|  0%| F|  |TAMS 0x000000008b300000, 0x000000008b300000| Untracked 
| 180|0x000000008b400000, 0x000000008b400000, 0x000000008b500000|  0%| F|  |TAMS 0x000000008b400000, 0x000000008b400000| Untracked 
| 181|0x000000008b500000, 0x000000008b500000, 0x000000008b600000|  0%| F|  |TAMS 0x000000008b500000, 0x000000008b500000| Untracked 
| 182|0x000000008b600000, 0x000000008b600000, 0x000000008b700000|  0%| F|  |TAMS 0x000000008b600000, 0x000000008b600000| Untracked 
| 183|0x000000008b700000, 0x000000008b700000, 0x000000008b800000|  0%| F|  |TAMS 0x000000008b700000, 0x000000008b700000| Untracked 
| 184|0x000000008b800000, 0x000000008b800000, 0x000000008b900000|  0%| F|  |TAMS 0x000000008b800000, 0x000000008b800000| Untracked 
| 185|0x000000008b900000, 0x000000008b900000, 0x000000008ba00000|  0%| F|  |TAMS 0x000000008b900000, 0x000000008b900000| Untracked 
| 186|0x000000008ba00000, 0x000000008ba00000, 0x000000008bb00000|  0%| F|  |TAMS 0x000000008ba00000, 0x000000008ba00000| Untracked 
| 187|0x000000008bb00000, 0x000000008bb00000, 0x000000008bc00000|  0%| F|  |TAMS 0x000000008bb00000, 0x000000008bb00000| Untracked 
| 188|0x000000008bc00000, 0x000000008bc00000, 0x000000008bd00000|  0%| F|  |TAMS 0x000000008bc00000, 0x000000008bc00000| Untracked 
| 189|0x000000008bd00000, 0x000000008bd00000, 0x000000008be00000|  0%| F|  |TAMS 0x000000008bd00000, 0x000000008bd00000| Untracked 
| 190|0x000000008be00000, 0x000000008be00000, 0x000000008bf00000|  0%| F|  |TAMS 0x000000008be00000, 0x000000008be00000| Untracked 
| 191|0x000000008bf00000, 0x000000008bf00000, 0x000000008c000000|  0%| F|  |TAMS 0x000000008bf00000, 0x000000008bf00000| Untracked 

Card table byte_map: [0x0000026d45cf0000,0x0000026d460f0000] _byte_map_base: 0x0000026d458f0000

Marking Bits (Prev, Next): (CMBitMap*) 0x0000026d32e54948, (CMBitMap*) 0x0000026d32e54980
 Prev Bits: [0x0000026d464f0000, 0x0000026d484f0000)
 Next Bits: [0x0000026d484f0000, 0x0000026d4a4f0000)

Polling page: 0x0000026d30c40000

Metaspace:

Usage:
  Non-class:     50.97 MB capacity,    49.87 MB ( 98%) used,   970.58 KB (  2%) free+waste,   150.88 KB ( <1%) overhead. 
      Class:      7.77 MB capacity,     7.19 MB ( 93%) used,   514.99 KB (  6%) free+waste,    71.44 KB ( <1%) overhead. 
       Both:     58.74 MB capacity,    57.07 MB ( 97%) used,     1.45 MB (  2%) free+waste,   222.31 KB ( <1%) overhead. 

Virtual space:
  Non-class space:       52.00 MB reserved,      51.00 MB ( 98%) committed 
      Class space:        1.00 GB reserved,       7.88 MB ( <1%) committed 
             Both:        1.05 GB reserved,      58.88 MB (  5%) committed 

Chunk freelists:
   Non-Class:  0 bytes
       Class:  14.00 KB
        Both:  14.00 KB

MaxMetaspaceSize: 17179869184.00 GB
CompressedClassSpaceSize: 1.00 GB

CodeHeap 'non-profiled nmethods': size=120064Kb used=3269Kb max_used=3269Kb free=116794Kb
 bounds [0x0000026d3e3b0000, 0x0000026d3e6f0000, 0x0000026d458f0000]
CodeHeap 'profiled nmethods': size=120000Kb used=12502Kb max_used=12502Kb free=107497Kb
 bounds [0x0000026d36e80000, 0x0000026d37ac0000, 0x0000026d3e3b0000]
CodeHeap 'non-nmethods': size=5696Kb used=2237Kb max_used=2280Kb free=3458Kb
 bounds [0x0000026d368f0000, 0x0000026d36b60000, 0x0000026d36e80000]
 total_blobs=6807 nmethods=5985 adapters=733
 compilation: enabled
              stopped_count=0, restarted_count=0
 full_count=0

Compilation events (20 events):
Event: 20.307 Thread 0x0000026d4d289000 6018       3       org.gradle.internal.instantiation.generator.AbstractClassGenerator$MethodMetadata::getName (8 bytes)
Event: 20.307 Thread 0x0000026d4d289000 nmethod 6018 0x0000026d37aaa710 code [0x0000026d37aaa8c0, 0x0000026d37aaa9d8]
Event: 20.312 Thread 0x0000026d4d289000 6019       3       java.lang.Class::isEnum (27 bytes)
Event: 20.312 Thread 0x0000026d4d289000 nmethod 6019 0x0000026d37aaaa90 code [0x0000026d37aaac60, 0x0000026d37aaae78]
Event: 20.312 Thread 0x0000026d4d289000 6020       3       org.objectweb.asm.AnnotationWriter::visit (935 bytes)
Event: 20.317 Thread 0x0000026d4d289000 nmethod 6020 0x0000026d37aaaf10 code [0x0000026d37aab5e0, 0x0000026d37aaf378]
Event: 20.325 Thread 0x0000026d4d289000 6021       3       java.lang.Class::searchFields (43 bytes)
Event: 20.325 Thread 0x0000026d4d289000 nmethod 6021 0x0000026d37ab0990 code [0x0000026d37ab0b60, 0x0000026d37ab0de8]
Event: 20.325 Thread 0x0000026d4d289000 6022       1       com.google.common.collect.ImmutableMapEntry$NonTerminalImmutableMapEntry::getNextInKeyBucket (5 bytes)
Event: 20.326 Thread 0x0000026d4d289000 nmethod 6022 0x0000026d3e6e1410 code [0x0000026d3e6e15c0, 0x0000026d3e6e1678]
Event: 20.346 Thread 0x0000026d4d289000 6023       3       jdk.internal.reflect.AccessorGenerator::getClassName (184 bytes)
Event: 20.348 Thread 0x0000026d4d289000 nmethod 6023 0x0000026d37ab0f90 code [0x0000026d37ab13a0, 0x0000026d37ab2b88]
Event: 20.349 Thread 0x0000026d4d289000 6024       3       org.gradle.internal.instantiation.generator.AsmBackedClassGenerator$ClassBuilderImpl::addLazyGetter (22 bytes)
Event: 20.350 Thread 0x0000026d4d289000 nmethod 6024 0x0000026d37ab3290 code [0x0000026d37ab34a0, 0x0000026d37ab3bf8]
Event: 20.350 Thread 0x0000026d4d289000 6025       3       org.gradle.internal.instantiation.generator.AsmBackedClassGenerator$ClassBuilderImpl$$Lambda$136/0x00000001002d3840::get$Lambda (12 bytes)
Event: 20.350 Thread 0x0000026d4d289000 nmethod 6025 0x0000026d37ab3e90 code [0x0000026d37ab4060, 0x0000026d37ab43d8]
Event: 20.351 Thread 0x0000026d4d289000 6026       3       java.lang.Class::getDeclaredField (54 bytes)
Event: 20.353 Thread 0x0000026d4d289000 nmethod 6026 0x0000026d37ab4510 code [0x0000026d37ab47c0, 0x0000026d37ab5258]
Event: 20.353 Thread 0x0000026d4d289000 6027       2       java.lang.ThreadLocal::get (38 bytes)
Event: 20.353 Thread 0x0000026d4d289000 nmethod 6027 0x0000026d37ab5610 code [0x0000026d37ab57e0, 0x0000026d37ab5988]

GC Heap History (20 events):
Event: 1.800 GC heap after
{Heap after GC invocations=1 (full 0):
 garbage-first heap   total 196608K, used 7484K [0x0000000080000000, 0x0000000100000000)
  region size 1024K, 2 young (2048K), 2 survivors (2048K)
 Metaspace       used 6788K, capacity 6993K, committed 7168K, reserved 1056768K
  class space    used 584K, capacity 650K, committed 768K, reserved 1048576K
}
Event: 3.257 GC heap before
{Heap before GC invocations=1 (full 0):
 garbage-first heap   total 196608K, used 18748K [0x0000000080000000, 0x0000000100000000)
  region size 1024K, 13 young (13312K), 2 survivors (2048K)
 Metaspace       used 9935K, capacity 10122K, committed 10368K, reserved 1058816K
  class space    used 1021K, capacity 1102K, committed 1152K, reserved 1048576K
}
Event: 3.266 GC heap after
{Heap after GC invocations=2 (full 0):
 garbage-first heap   total 196608K, used 9275K [0x0000000080000000, 0x0000000100000000)
  region size 1024K, 2 young (2048K), 2 survivors (2048K)
 Metaspace       used 9935K, capacity 10122K, committed 10368K, reserved 1058816K
  class space    used 1021K, capacity 1102K, committed 1152K, reserved 1048576K
}
Event: 5.412 GC heap before
{Heap before GC invocations=2 (full 0):
 garbage-first heap   total 196608K, used 37947K [0x0000000080000000, 0x0000000100000000)
  region size 1024K, 29 young (29696K), 2 survivors (2048K)
 Metaspace       used 10863K, capacity 11139K, committed 11264K, reserved 1058816K
  class space    used 1124K, capacity 1206K, committed 1280K, reserved 1048576K
}
Event: 5.419 GC heap after
{Heap after GC invocations=3 (full 0):
 garbage-first heap   total 196608K, used 11771K [0x0000000080000000, 0x0000000100000000)
  region size 1024K, 4 young (4096K), 4 survivors (4096K)
 Metaspace       used 10863K, capacity 11139K, committed 11264K, reserved 1058816K
  class space    used 1124K, capacity 1206K, committed 1280K, reserved 1048576K
}
Event: 7.929 GC heap before
{Heap before GC invocations=3 (full 0):
 garbage-first heap   total 196608K, used 52731K [0x0000000080000000, 0x0000000100000000)
  region size 1024K, 45 young (46080K), 4 survivors (4096K)
 Metaspace       used 17566K, capacity 17965K, committed 18176K, reserved 1064960K
  class space    used 2044K, capacity 2183K, committed 2304K, reserved 1048576K
}
Event: 7.944 GC heap after
{Heap after GC invocations=4 (full 0):
 garbage-first heap   total 196608K, used 15825K [0x0000000080000000, 0x0000000100000000)
  region size 1024K, 6 young (6144K), 6 survivors (6144K)
 Metaspace       used 17566K, capacity 17965K, committed 18176K, reserved 1064960K
  class space    used 2044K, capacity 2183K, committed 2304K, reserved 1048576K
}
Event: 8.455 GC heap before
{Heap before GC invocations=4 (full 0):
 garbage-first heap   total 196608K, used 43473K [0x0000000080000000, 0x0000000100000000)
  region size 1024K, 34 young (34816K), 6 survivors (6144K)
 Metaspace       used 20605K, capacity 21093K, committed 21248K, reserved 1067008K
  class space    used 2510K, capacity 2699K, committed 2816K, reserved 1048576K
}
Event: 8.469 GC heap after
{Heap after GC invocations=5 (full 0):
 garbage-first heap   total 196608K, used 16767K [0x0000000080000000, 0x0000000100000000)
  region size 1024K, 7 young (7168K), 7 survivors (7168K)
 Metaspace       used 20605K, capacity 21093K, committed 21248K, reserved 1067008K
  class space    used 2510K, capacity 2699K, committed 2816K, reserved 1048576K
}
Event: 11.142 GC heap before
{Heap before GC invocations=6 (full 0):
 garbage-first heap   total 196608K, used 89471K [0x0000000080000000, 0x0000000100000000)
  region size 1024K, 68 young (69632K), 7 survivors (7168K)
 Metaspace       used 26706K, capacity 27471K, committed 27648K, reserved 1073152K
  class space    used 3507K, capacity 3805K, committed 3840K, reserved 1048576K
}
Event: 11.160 GC heap after
{Heap after GC invocations=7 (full 0):
 garbage-first heap   total 196608K, used 31617K [0x0000000080000000, 0x0000000100000000)
  region size 1024K, 9 young (9216K), 9 survivors (9216K)
 Metaspace       used 26706K, capacity 27471K, committed 27648K, reserved 1073152K
  class space    used 3507K, capacity 3805K, committed 3840K, reserved 1048576K
}
Event: 12.532 GC heap before
{Heap before GC invocations=7 (full 0):
 garbage-first heap   total 196608K, used 85889K [0x0000000080000000, 0x0000000100000000)
  region size 1024K, 63 young (64512K), 9 survivors (9216K)
 Metaspace       used 34667K, capacity 35627K, committed 35840K, reserved 1081344K
  class space    used 4531K, capacity 4863K, committed 4864K, reserved 1048576K
}
Event: 12.554 GC heap after
{Heap after GC invocations=8 (full 0):
 garbage-first heap   total 196608K, used 34692K [0x0000000080000000, 0x0000000100000000)
  region size 1024K, 9 young (9216K), 9 survivors (9216K)
 Metaspace       used 34667K, capacity 35627K, committed 35840K, reserved 1081344K
  class space    used 4531K, capacity 4863K, committed 4864K, reserved 1048576K
}
Event: 14.736 GC heap before
{Heap before GC invocations=9 (full 0):
 garbage-first heap   total 196608K, used 120708K [0x0000000080000000, 0x0000000100000000)
  region size 1024K, 85 young (87040K), 9 survivors (9216K)
 Metaspace       used 41467K, capacity 42620K, committed 42828K, reserved 1087488K
  class space    used 5345K, capacity 5744K, committed 5760K, reserved 1048576K
}
Event: 14.760 GC heap after
{Heap after GC invocations=10 (full 0):
 garbage-first heap   total 196608K, used 45546K [0x0000000080000000, 0x0000000100000000)
  region size 1024K, 9 young (9216K), 9 survivors (9216K)
 Metaspace       used 41467K, capacity 42620K, committed 42828K, reserved 1087488K
  class space    used 5345K, capacity 5744K, committed 5760K, reserved 1048576K
}
Event: 16.752 GC heap before
{Heap before GC invocations=10 (full 0):
 garbage-first heap   total 196608K, used 139754K [0x0000000080000000, 0x0000000100000000)
  region size 1024K, 98 young (100352K), 9 survivors (9216K)
 Metaspace       used 47226K, capacity 48706K, committed 48716K, reserved 1091584K
  class space    used 6070K, capacity 6527K, committed 6528K, reserved 1048576K
}
Event: 16.783 GC heap after
{Heap after GC invocations=11 (full 0):
 garbage-first heap   total 196608K, used 55757K [0x0000000080000000, 0x0000000100000000)
  region size 1024K, 13 young (13312K), 13 survivors (13312K)
 Metaspace       used 47226K, capacity 48706K, committed 48716K, reserved 1091584K
  class space    used 6070K, capacity 6527K, committed 6528K, reserved 1048576K
}
Event: 19.393 GC heap before
{Heap before GC invocations=11 (full 0):
 garbage-first heap   total 196608K, used 148941K [0x0000000080000000, 0x0000000100000000)
  region size 1024K, 97 young (99328K), 13 survivors (13312K)
 Metaspace       used 53337K, capacity 54907K, committed 55244K, reserved 1097728K
  class space    used 6801K, capacity 7341K, committed 7424K, reserved 1048576K
}
Event: 19.426 GC heap after
{Heap after GC invocations=12 (full 0):
 garbage-first heap   total 196608K, used 74893K [0x0000000080000000, 0x0000000100000000)
  region size 1024K, 11 young (11264K), 11 survivors (11264K)
 Metaspace       used 53337K, capacity 54907K, committed 55244K, reserved 1097728K
  class space    used 6801K, capacity 7341K, committed 7424K, reserved 1048576K
}
Event: 20.355 GC heap before
{Heap before GC invocations=12 (full 0):
 garbage-first heap   total 196608K, used 106637K [0x0000000080000000, 0x0000000100000000)
  region size 1024K, 43 young (44032K), 11 survivors (11264K)
 Metaspace       used 58439K, capacity 60147K, committed 60288K, reserved 1101824K
  class space    used 7367K, capacity 7954K, committed 8064K, reserved 1048576K
}

Deoptimization events (20 events):
Event: 19.018 Thread 0x0000026d4e75b800 Uncommon trap: trap_request=0xffffff4d fr.pc=0x0000026d3e521a48 relative=0x0000000000000748
Event: 19.018 Thread 0x0000026d4e75b800 Uncommon trap: reason=unstable_if action=reinterpret pc=0x0000026d3e521a48 method=java.io.BufferedInputStream.read([BII)I @ 56 c2
Event: 19.018 Thread 0x0000026d4e75b800 DEOPT PACKING pc=0x0000026d3e521a48 sp=0x000000daaf9f7590
Event: 19.018 Thread 0x0000026d4e75b800 DEOPT UNPACKING pc=0x0000026d369178af sp=0x000000daaf9f7548 mode 2
Event: 19.050 Thread 0x0000026d4e75b800 Uncommon trap: trap_request=0xffffff45 fr.pc=0x0000026d3e5775a0 relative=0x0000000000000d60
Event: 19.050 Thread 0x0000026d4e75b800 Uncommon trap: reason=unstable_fused_if action=reinterpret pc=0x0000026d3e5775a0 method=org.objectweb.asm.ByteVector.putUTF8(Ljava/lang/String;)Lorg/objectweb/asm/ByteVector; @ 93 c2
Event: 19.050 Thread 0x0000026d4e75b800 DEOPT PACKING pc=0x0000026d3e5775a0 sp=0x000000daaf9f7fc0
Event: 19.050 Thread 0x0000026d4e75b800 DEOPT UNPACKING pc=0x0000026d369178af sp=0x000000daaf9f7f18 mode 2
Event: 19.091 Thread 0x0000026d4e75b800 Uncommon trap: trap_request=0xffffff45 fr.pc=0x0000026d3e50ac6c relative=0x000000000000020c
Event: 19.091 Thread 0x0000026d4e75b800 Uncommon trap: reason=unstable_fused_if action=reinterpret pc=0x0000026d3e50ac6c method=org.objectweb.asm.ByteVector.putUTF8(Ljava/lang/String;)Lorg/objectweb/asm/ByteVector; @ 93 c2
Event: 19.091 Thread 0x0000026d4e75b800 DEOPT PACKING pc=0x0000026d3e50ac6c sp=0x000000daaf9f82f0
Event: 19.091 Thread 0x0000026d4e75b800 DEOPT UNPACKING pc=0x0000026d369178af sp=0x000000daaf9f8270 mode 2
Event: 19.427 Thread 0x0000026d4d3f4000 Uncommon trap: trap_request=0xffffffde fr.pc=0x0000026d3e50c6ec relative=0x000000000000052c
Event: 19.427 Thread 0x0000026d4d3f4000 Uncommon trap: reason=class_check action=maybe_recompile pc=0x0000026d3e50c6ec method=jdk.internal.ref.PhantomCleanable.clean()V @ 12 c2
Event: 19.427 Thread 0x0000026d4d3f4000 DEOPT PACKING pc=0x0000026d3e50c6ec sp=0x000000daaedfec70
Event: 19.427 Thread 0x0000026d4d3f4000 DEOPT UNPACKING pc=0x0000026d369178af sp=0x000000daaedfec50 mode 2
Event: 20.266 Thread 0x0000026d4e75b800 Uncommon trap: trap_request=0xfffffff4 fr.pc=0x0000026d3e63604c relative=0x00000000000002ec
Event: 20.266 Thread 0x0000026d4e75b800 Uncommon trap: reason=null_check action=make_not_entrant pc=0x0000026d3e63604c method=java.lang.ThreadLocal$ThreadLocalMap.getEntryAfterMiss(Ljava/lang/ThreadLocal;ILjava/lang/ThreadLocal$ThreadLocalMap$Entry;)Ljava/lang/ThreadLocal$ThreadLocalMap$Entry; 
Event: 20.266 Thread 0x0000026d4e75b800 DEOPT PACKING pc=0x0000026d3e63604c sp=0x000000daaf9f8920
Event: 20.266 Thread 0x0000026d4e75b800 DEOPT UNPACKING pc=0x0000026d369178af sp=0x000000daaf9f87d8 mode 2

Classes redefined (0 events):
No events

Internal exceptions (20 events):
Event: 18.593 Thread 0x0000026d4e75b800 Exception <a 'java/lang/ClassNotFoundException'{0x0000000088c992e0}: org/gradle/api/tasks/DeleteBeanInfo> (0x0000000088c992e0) thrown at [./src/hotspot/share/classfile/systemDictionary.cpp, line 231]
Event: 18.596 Thread 0x0000026d4e75b800 Exception <a 'java/lang/ClassNotFoundException'{0x0000000088cc5410}: org/gradle/api/internal/ConventionTaskBeanInfo> (0x0000000088cc5410) thrown at [./src/hotspot/share/classfile/systemDictionary.cpp, line 231]
Event: 18.598 Thread 0x0000026d4e75b800 Exception <a 'java/lang/ClassNotFoundException'{0x0000000088cedd48}: org/gradle/api/DefaultTaskBeanInfo> (0x0000000088cedd48) thrown at [./src/hotspot/share/classfile/systemDictionary.cpp, line 231]
Event: 18.601 Thread 0x0000026d4e75b800 Exception <a 'java/lang/ClassNotFoundException'{0x0000000088b1add8}: org/gradle/api/internal/AbstractTaskBeanInfo> (0x0000000088b1add8) thrown at [./src/hotspot/share/classfile/systemDictionary.cpp, line 231]
Event: 18.603 Thread 0x0000026d4e75b800 Exception <a 'java/lang/ClassNotFoundException'{0x0000000088b47980}: org/gradle/api/internal/AbstractTaskCustomizer> (0x0000000088b47980) thrown at [./src/hotspot/share/classfile/systemDictionary.cpp, line 231]
Event: 18.613 Thread 0x0000026d4e75b800 Exception <a 'java/lang/ClassNotFoundException'{0x0000000088bb8ce8}: org/gradle/api/DefaultTaskCustomizer> (0x0000000088bb8ce8) thrown at [./src/hotspot/share/classfile/systemDictionary.cpp, line 231]
Event: 18.623 Thread 0x0000026d4e75b800 Exception <a 'java/lang/ClassNotFoundException'{0x0000000088a39c48}: org/gradle/api/internal/ConventionTaskCustomizer> (0x0000000088a39c48) thrown at [./src/hotspot/share/classfile/systemDictionary.cpp, line 231]
Event: 18.627 Thread 0x0000026d4e75b800 Exception <a 'java/lang/ClassNotFoundException'{0x0000000088a71b90}: org/gradle/api/tasks/DeleteCustomizer> (0x0000000088a71b90) thrown at [./src/hotspot/share/classfile/systemDictionary.cpp, line 231]
Event: 18.631 Thread 0x0000026d4e75b800 Exception <a 'java/lang/ClassNotFoundException'{0x0000000088ab1020}: org/gradle/api/tasks/Delete_DecoratedCustomizer> (0x0000000088ab1020) thrown at [./src/hotspot/share/classfile/systemDictionary.cpp, line 231]
Event: 18.715 Thread 0x0000026d4e75b800 Exception <a 'java/lang/ClassNotFoundException'{0x00000000889eec30}: build_6ay75ejk4hyjy0rn2czir5vdeBeanInfo> (0x00000000889eec30) thrown at [./src/hotspot/share/classfile/systemDictionary.cpp, line 231]
Event: 18.715 Thread 0x0000026d4e75b800 Exception <a 'java/lang/ClassNotFoundException'{0x00000000889f9b58}: build_6ay75ejk4hyjy0rn2czir5vdeCustomizer> (0x00000000889f9b58) thrown at [./src/hotspot/share/classfile/systemDictionary.cpp, line 231]
Event: 18.738 Thread 0x0000026d4e75b800 Exception <a 'java/lang/ClassNotFoundException'{0x000000008887ed68}: org/gradle/plugin/use/internal/PluginRequestCollector$PluginDependenciesSpecImplBeanInfo> (0x000000008887ed68) thrown at [./src/hotspot/share/classfile/systemDictionary.cpp, line 231]
Event: 18.739 Thread 0x0000026d4e75b800 Exception <a 'java/lang/ClassNotFoundException'{0x00000000888acea0}: org/gradle/plugin/use/internal/PluginRequestCollector$PluginDependenciesSpecImplCustomizer> (0x00000000888acea0) thrown at [./src/hotspot/share/classfile/systemDictionary.cpp, line 231]
Event: 19.037 Thread 0x0000026d4e75b800 Exception <a 'java/lang/NoSuchMethodError'{0x0000000087cd3970}: 'java.lang.Object java.lang.invoke.DirectMethodHandle$Holder.invokeStatic(java.lang.Object, java.lang.Object, java.lang.Object, java.lang.Object, int)'> (0x0000000087cd3970) thrown at [./src/hotspot/share/interpreter/linkResolver.cpp, line 773]
Event: 19.037 Thread 0x0000026d4e75b800 Exception <a 'java/lang/NoSuchMethodError'{0x0000000087cd8368}: 'java.lang.Object java.lang.invoke.DirectMethodHandle$Holder.invokeSpecial(java.lang.Object, java.lang.Object, java.lang.Object, java.lang.Object, java.lang.Object, int)'> (0x0000000087cd8368) thrown at [./src/hotspot/share/interpreter/linkResolver.cpp, line 773]
Event: 19.037 Thread 0x0000026d4e75b800 Exception <a 'java/lang/NoSuchMethodError'{0x0000000087cdc9a8}: 'java.lang.Object java.lang.invoke.Invokers$Holder.linkToTargetMethod(java.lang.Object, java.lang.Object, java.lang.Object, int, java.lang.Object)'> (0x0000000087cdc9a8) thrown at [./src/hotspot/share/interpreter/linkResolver.cpp, line 773]
Event: 19.348 Thread 0x0000026d4e75b800 Exception <a 'java/lang/NoSuchMethodError'{0x0000000086d73078}: 'java.lang.Object java.lang.invoke.DirectMethodHandle$Holder.invokeSpecial(java.lang.Object, java.lang.Object, int, int, java.lang.Object, java.lang.Object, java.lang.Object)'> (0x0000000086d73078) thrown at [./src/hotspot/share/interpreter/linkResolver.cpp, line 773]
Event: 19.349 Thread 0x0000026d4e75b800 Exception <a 'java/lang/NoSuchMethodError'{0x0000000086d775f8}: 'java.lang.Object java.lang.invoke.DelegatingMethodHandle$Holder.reinvoke_L(java.lang.Object, int, int, java.lang.Object, java.lang.Object, java.lang.Object)'> (0x0000000086d775f8) thrown at [./src/hotspot/share/interpreter/linkResolver.cpp, line 773]
Event: 19.740 Thread 0x0000026d4e75b800 Exception <a 'java/lang/NoSuchMethodError'{0x000000008b58f1f0}: 'int java.lang.invoke.DirectMethodHandle$Holder.invokeInterface(java.lang.Object, java.lang.Object, java.lang.Object, java.lang.Object)'> (0x000000008b58f1f0) thrown at [./src/hotspot/share/interpreter/linkResolver.cpp, line 773]
Event: 20.266 Thread 0x0000026d4e75b800 Implicit null exception at 0x0000026d3e635e32 to 0x0000026d3e636030

Events (20 events):
Event: 20.341 loading class org/gradle/api/internal/provider/TypeSanitizingTransformer done
Event: 20.342 loading class com/android/build/gradle/internal/plugins/BasePlugin
Event: 20.342 loading class com/android/build/gradle/internal/plugins/BasePlugin done
Event: 20.342 loading class com/android/repository/Revision
Event: 20.342 loading class com/android/repository/Revision done
Event: 20.343 loading class com/android/repository/Revision
Event: 20.343 loading class com/android/repository/Revision done
Event: 20.343 loading class com/android/build/gradle/internal/plugins/BasePlugin
Event: 20.343 loading class com/android/build/gradle/internal/plugins/BasePlugin done
Event: 20.343 loading class com/android/build/gradle/internal/AvdComponentsBuildService
Event: 20.343 loading class com/android/build/gradle/internal/AvdComponentsBuildService done
Event: 20.344 loading class com/android/build/gradle/internal/AvdComponentsBuildService$Parameters
Event: 20.344 loading class com/android/build/gradle/internal/AvdComponentsBuildService$Parameters done
Event: 20.352 loading class com/android/build/gradle/internal/services/SymbolTableBuildService$RegistrationAction
Event: 20.352 loading class com/android/build/gradle/internal/services/SymbolTableBuildService$RegistrationAction done
Event: 20.353 loading class com/android/build/gradle/internal/services/SymbolTableBuildService
Event: 20.353 loading class com/android/build/gradle/internal/services/SymbolTableBuildService done
Event: 20.354 loading class com/android/build/gradle/internal/services/ClassesHierarchyBuildService$RegistrationAction
Event: 20.354 loading class com/android/build/gradle/internal/services/ClassesHierarchyBuildService$RegistrationAction done
Event: 20.354 Executing VM operation: CollectForMetadataAllocation


Dynamic libraries:
0x00007ff659b20000 - 0x00007ff659b2a000 	C:\Program Files\Android\Android Studio1\jre\bin\java.exe
0x00007fffb4ca0000 - 0x00007fffb4e90000 	C:\WINDOWS\SYSTEM32\ntdll.dll
0x00007fffb4ba0000 - 0x00007fffb4c52000 	C:\WINDOWS\System32\KERNEL32.DLL
0x00007fffb1d80000 - 0x00007fffb2025000 	C:\WINDOWS\System32\KERNELBASE.dll
0x00007fffb1c80000 - 0x00007fffb1d7a000 	C:\WINDOWS\System32\ucrtbase.dll
0x00007fffa72b0000 - 0x00007fffa72c7000 	C:\Program Files\Android\Android Studio1\jre\bin\VCRUNTIME140.dll
0x00007fffa7340000 - 0x00007fffa7359000 	C:\Program Files\Android\Android Studio1\jre\bin\jli.dll
0x00007fffb3370000 - 0x00007fffb3504000 	C:\WINDOWS\System32\USER32.dll
0x00007fffb21d0000 - 0x00007fffb21f1000 	C:\WINDOWS\System32\win32u.dll
0x00007fffa0d40000 - 0x00007fffa0fc4000 	C:\WINDOWS\WinSxS\amd64_microsoft.windows.common-controls_6595b64144ccf1df_6.0.18362.1256_none_9e7e379be45e40e2\COMCTL32.dll
0x00007fffb3790000 - 0x00007fffb382e000 	C:\WINDOWS\System32\msvcrt.dll
0x00007fffb2fa0000 - 0x00007fffb2fc6000 	C:\WINDOWS\System32\GDI32.dll
0x00007fffb2030000 - 0x00007fffb21c6000 	C:\WINDOWS\System32\gdi32full.dll
0x00007fffb4860000 - 0x00007fffb4b96000 	C:\WINDOWS\System32\combase.dll
0x00007fffb2990000 - 0x00007fffb2a2e000 	C:\WINDOWS\System32\msvcp_win.dll
0x00007fffb4200000 - 0x00007fffb4320000 	C:\WINDOWS\System32\RPCRT4.dll
0x00007fffb2cc0000 - 0x00007fffb2d41000 	C:\WINDOWS\System32\bcryptPrimitives.dll
0x00007fffb2eb0000 - 0x00007fffb2ede000 	C:\WINDOWS\System32\IMM32.DLL
0x00007fff8ff10000 - 0x00007fff8ffad000 	C:\Program Files\Android\Android Studio1\jre\bin\msvcp140.dll
0x00007fff50a60000 - 0x00007fff5152f000 	C:\Program Files\Android\Android Studio1\jre\bin\server\jvm.dll
0x00007fffb3830000 - 0x00007fffb38d3000 	C:\WINDOWS\System32\ADVAPI32.dll
0x00007fffb3080000 - 0x00007fffb3117000 	C:\WINDOWS\System32\sechost.dll
0x00007fffb2ee0000 - 0x00007fffb2ee8000 	C:\WINDOWS\System32\PSAPI.DLL
0x00007fffa08c0000 - 0x00007fffa08c9000 	C:\WINDOWS\SYSTEM32\WSOCK32.dll
0x00007fffb3300000 - 0x00007fffb336f000 	C:\WINDOWS\System32\WS2_32.dll
0x00007fffafc30000 - 0x00007fffafc54000 	C:\WINDOWS\SYSTEM32\WINMM.dll
0x00007fffa7490000 - 0x00007fffa749a000 	C:\WINDOWS\SYSTEM32\VERSION.dll
0x00007fffafc00000 - 0x00007fffafc2d000 	C:\WINDOWS\SYSTEM32\WINMMBASE.dll
0x00007fffb1c30000 - 0x00007fffb1c7a000 	C:\WINDOWS\System32\cfgmgr32.dll
0x00007fffb1ba0000 - 0x00007fffb1bb1000 	C:\WINDOWS\System32\kernel.appcore.dll
0x00007fff9f6f0000 - 0x00007fff9f701000 	C:\Program Files\Android\Android Studio1\jre\bin\verify.dll
0x00007fffa03f0000 - 0x00007fffa05e4000 	C:\WINDOWS\SYSTEM32\DBGHELP.DLL
0x00007fffa03b0000 - 0x00007fffa03da000 	C:\WINDOWS\SYSTEM32\dbgcore.DLL
0x00007fff9a9a0000 - 0x00007fff9a9c9000 	C:\Program Files\Android\Android Studio1\jre\bin\java.dll
0x00007fffa72a0000 - 0x00007fffa72ab000 	C:\Program Files\Android\Android Studio1\jre\bin\jimage.dll
0x00007fff90ab0000 - 0x00007fff90ac8000 	C:\Program Files\Android\Android Studio1\jre\bin\zip.dll
0x00007fffb38e0000 - 0x00007fffb3fc7000 	C:\WINDOWS\System32\SHELL32.dll
0x00007fffb2fd0000 - 0x00007fffb3079000 	C:\WINDOWS\System32\shcore.dll
0x00007fffb2200000 - 0x00007fffb2981000 	C:\WINDOWS\System32\windows.storage.dll
0x00007fffb1b50000 - 0x00007fffb1b73000 	C:\WINDOWS\System32\profapi.dll
0x00007fffb1bc0000 - 0x00007fffb1c0a000 	C:\WINDOWS\System32\powrprof.dll
0x00007fffb1b40000 - 0x00007fffb1b50000 	C:\WINDOWS\System32\UMPDC.dll
0x00007fffb3510000 - 0x00007fffb3562000 	C:\WINDOWS\System32\shlwapi.dll
0x00007fffb1c10000 - 0x00007fffb1c27000 	C:\WINDOWS\System32\cryptsp.dll
0x00007fff8e450000 - 0x00007fff8e46a000 	C:\Program Files\Android\Android Studio1\jre\bin\net.dll
0x00007fffa5ba0000 - 0x00007fffa5c90000 	C:\WINDOWS\SYSTEM32\WINHTTP.dll
0x00007fffb1390000 - 0x00007fffb13f7000 	C:\WINDOWS\system32\mswsock.dll
0x00007fff8e340000 - 0x00007fff8e354000 	C:\Program Files\Android\Android Studio1\jre\bin\nio.dll
0x00007fffaaf30000 - 0x00007fffaaf57000 	C:\Users\Francis pc\.gradle\native\8bec1ad78214c89d9ad589b4d07fe93259594b29d510b10fafb7a158f7737e5d\windows-amd64\native-platform.dll
0x00007fff90b60000 - 0x00007fff90c9d000 	C:\Users\Francis pc\.gradle\native\53dbd7edfb1c66fb8903c78663c9afc45aea4f116125fa6feffd364cf09443e8\windows-amd64\native-platform-file-events.dll
0x00007fffa7260000 - 0x00007fffa726a000 	C:\Program Files\Android\Android Studio1\jre\bin\management.dll
0x00007fffa7240000 - 0x00007fffa724c000 	C:\Program Files\Android\Android Studio1\jre\bin\management_ext.dll
0x00007fffb0f00000 - 0x00007fffb0f33000 	C:\WINDOWS\system32\rsaenh.dll
0x00007fffb2ae0000 - 0x00007fffb2b06000 	C:\WINDOWS\System32\bcrypt.dll
0x00007fffb1a20000 - 0x00007fffb1a45000 	C:\WINDOWS\SYSTEM32\USERENV.dll
0x00007fffb1560000 - 0x00007fffb156c000 	C:\WINDOWS\SYSTEM32\CRYPTBASE.dll
0x00007fffb10a0000 - 0x00007fffb10da000 	C:\WINDOWS\SYSTEM32\IPHLPAPI.DLL
0x00007fffb3720000 - 0x00007fffb3728000 	C:\WINDOWS\System32\NSI.dll
0x00007fffa5ef0000 - 0x00007fffa5f06000 	C:\WINDOWS\SYSTEM32\dhcpcsvc6.DLL
0x00007fffa6400000 - 0x00007fffa641c000 	C:\WINDOWS\SYSTEM32\dhcpcsvc.DLL
0x00007fffb10e0000 - 0x00007fffb11ab000 	C:\WINDOWS\SYSTEM32\DNSAPI.dll

dbghelp: loaded successfully - version: 4.0.5 - missing functions: none
symbol engine: initialized successfully - sym options: 0x614 - pdb path: .;C:\Program Files\Android\Android Studio1\jre\bin;C:\WINDOWS\SYSTEM32;C:\WINDOWS\WinSxS\amd64_microsoft.windows.common-controls_6595b64144ccf1df_6.0.18362.1256_none_9e7e379be45e40e2;C:\Program Files\Android\Android Studio1\jre\bin\server;C:\Users\Francis pc\.gradle\native\8bec1ad78214c89d9ad589b4d07fe93259594b29d510b10fafb7a158f7737e5d\windows-amd64;C:\Users\Francis pc\.gradle\native\53dbd7edfb1c66fb8903c78663c9afc45aea4f116125fa6feffd364cf09443e8\windows-amd64

VM Arguments:
jvm_args: --add-opens=java.base/java.util=ALL-UNNAMED --add-opens=java.base/java.lang=ALL-UNNAMED --add-opens=java.base/java.lang.invoke=ALL-UNNAMED --add-opens=java.base/java.util=ALL-UNNAMED --add-opens=java.prefs/java.util.prefs=ALL-UNNAMED --add-opens=java.prefs/java.util.prefs=ALL-UNNAMED --add-opens=java.base/java.nio.charset=ALL-UNNAMED --add-opens=java.base/java.net=ALL-UNNAMED --add-opens=java.base/java.util.concurrent.atomic=ALL-UNNAMED -Xmx2048m -Dfile.encoding=UTF-8 -Duser.country=US -Duser.language=en -Duser.variant 
java_command: org.gradle.launcher.daemon.bootstrap.GradleDaemon 7.0.2
java_class_path (initial): C:\Users\Francis pc\.gradle\wrapper\dists\gradle-7.0.2-bin\857tjihv64xamwrf0h14cai3r\gradle-7.0.2\lib\gradle-launcher-7.0.2.jar
Launcher Type: SUN_STANDARD

[Global flags]
     intx CICompilerCount                          = 3                                         {product} {ergonomic}
     uint ConcGCThreads                            = 1                                         {product} {ergonomic}
     uint G1ConcRefinementThreads                  = 4                                         {product} {ergonomic}
   size_t G1HeapRegionSize                         = 1048576                                   {product} {ergonomic}
    uintx GCDrainStackTargetSize                   = 64                                        {product} {ergonomic}
   size_t InitialHeapSize                          = 201326592                                 {product} {ergonomic}
   size_t MarkStackSize                            = 4194304                                   {product} {ergonomic}
   size_t MaxHeapSize                              = 2147483648                                {product} {command line}
   size_t MaxNewSize                               = 1287651328                                {product} {ergonomic}
   size_t MinHeapDeltaBytes                        = 1048576                                   {product} {ergonomic}
    uintx NonNMethodCodeHeapSize                   = 5830732                                {pd product} {ergonomic}
    uintx NonProfiledCodeHeapSize                  = 122913754                              {pd product} {ergonomic}
    uintx ProfiledCodeHeapSize                     = 122913754                              {pd product} {ergonomic}
    uintx ReservedCodeCacheSize                    = 251658240                              {pd product} {ergonomic}
     bool SegmentedCodeCache                       = true                                      {product} {ergonomic}
     bool UseCompressedClassPointers               = true                                 {lp64_product} {ergonomic}
     bool UseCompressedOops                        = true                                 {lp64_product} {ergonomic}
     bool UseG1GC                                  = true                                      {product} {ergonomic}
     bool UseLargePagesIndividualAllocation        = false                                  {pd product} {ergonomic}

Logging:
Log output configuration:
 #0: stdout all=warning uptime,level,tags
 #1: stderr all=off uptime,level,tags

Environment Variables:
PATH=C:\Program Files (x86)\Common Files\Oracle\Java\javapath;C:\ProgramData\Oracle\Java\javapath;C:\WINDOWS\system32;C:\WINDOWS;C:\WINDOWS\System32\Wbem;C:\WINDOWS\System32\WindowsPowerShell\v1.0\;C:\WINDOWS\System32\OpenSSH\;C:\Python27;C:\Program Files\PuTTY\;C:\Program Files\dotnet\;C:\Program Files\MongoDB\Server\4.2\bin;C:\Python27\Scripts\;C:\Program Files (x86)\Yarn\bin\;C:\Program Files\Microsoft SQL Server\130\Tools\Binn\;C:\Program Files\Microsoft SQL Server\Client SDK\ODBC\170\Tools\Binn\;C:\Program Files (x86)\Microsoft SQL Server\150\Tools\Binn\;C:\Program Files\Microsoft SQL Server\150\Tools\Binn\;C:\Program Files\Microsoft SQL Server\150\DTS\Binn\;C:\Program Files (x86)\Microsoft SQL Server\150\DTS\Binn\;C:\Program Files\Microsoft\Web Platform Installer\;C:\Program Files\Git\cmd;C:\Program Files\nodejs\;C:\opencv\opencv\build\x64\vc15\bin;C:\Users\Francis pc\AppData\Local\Microsoft\WindowsApps;C:\Users\Francis pc\AppData\Local\Programs\Microsoft VS Code\bin;C:\Program Files\heroku\bin;C:\Users\Francis pc\AppData\Local\Yarn\bin;C:\Users\Francis pc\.dotnet\tools;C:\Users\Francis pc\AppData\Roaming\npm;E:\Mark\flutter_windows_v0.6.0-beta\flutter\bin;C:\Users\Francis pc\AppData\Local\GitHubDesktop\bin
USERNAME=Francis pc
OS=Windows_NT
PROCESSOR_IDENTIFIER=Intel64 Family 6 Model 61 Stepping 4, GenuineIntel



---------------  S Y S T E M  ---------------

OS: Windows 10 , 64 bit Build 18362 (10.0.18362.1110)
OS uptime: 3 days 12:50 hours

CPU:total 4 (initial active 4) (2 cores per cpu, 2 threads per core) family 6 model 61 stepping 4 microcode 0x2b, cmov, cx8, fxsr, mmx, sse, sse2, sse3, ssse3, sse4.1, sse4.2, popcnt, avx, avx2, aes, clmul, erms, 3dnowpref, lzcnt, ht, tsc, tscinvbit, bmi1, bmi2, adx, fma

Memory: 4k page, system-wide physical 12208M (3307M free)
TotalPageFile size 43461M (AvailPageFile size 21M)
current process WorkingSet (physical memory assigned to process): 382M, peak: 384M
current process commit charge ("private bytes"): 427M, peak: 469M

vm_info: OpenJDK 64-Bit Server VM (11.0.10+0-b96-7249189) for windows-amd64 JRE (11.0.10+0-b96-7249189), built on Mar 31 2021 21:44:00 by "builder" with MS VC++ 14.0 (VS2015)

END.
