#
# There is insufficient memory for the Java Runtime Environment to continue.
# Native memory allocation (malloc) failed to allocate 1064656 bytes for Chunk::new
# Possible reasons:
#   The system is out of physical RAM or swap space
#   The process is running with CompressedOops enabled, and the Java Heap may be blocking the growth of the native heap
# Possible solutions:
#   Reduce memory load on the system
#   Increase physical memory or swap space
#   Check if swap backing store is full
#   Decrease Java heap size (-Xmx/-Xms)
#   Decrease number of Java threads
#   Decrease Java thread stack sizes (-Xss)
#   Set larger code cache with -XX:ReservedCodeCacheSize=
#   JVM is running with Unscaled Compressed Oops mode in which the Java heap is
#     placed in the first 4GB address space. The Java Heap base address is the
#     maximum limit for the native heap growth. Please use -XX:HeapBaseMinAddress
#     to set the Java Heap base and to place the Java Heap above 4GB virtual address.
# This output file may be truncated or incomplete.
#
#  Out of Memory Error (./src/hotspot/share/memory/arena.cpp:197), pid=20468, tid=18732
#
# JRE version: OpenJDK Runtime Environment (11.0.12+7) (build 11.0.12+7-b1504.28-7817840)
# Java VM: OpenJDK 64-Bit Server VM (11.0.12+7-b1504.28-7817840, mixed mode, tiered, compressed oops, g1 gc, windows-amd64)
# No core dump will be written. Minidumps are not enabled by default on client versions of Windows
#

---------------  S U M M A R Y ------------

Command Line: --add-opens=java.base/java.util=ALL-UNNAMED --add-opens=java.base/java.lang=ALL-UNNAMED --add-opens=java.base/java.lang.invoke=ALL-UNNAMED --add-opens=java.base/java.util=ALL-UNNAMED --add-opens=java.prefs/java.util.prefs=ALL-UNNAMED --add-opens=java.prefs/java.util.prefs=ALL-UNNAMED --add-opens=java.base/java.nio.charset=ALL-UNNAMED --add-opens=java.base/java.net=ALL-UNNAMED --add-opens=java.base/java.util.concurrent.atomic=ALL-UNNAMED -Xmx2048m -Dfile.encoding=UTF-8 -Duser.country=US -Duser.language=en -Duser.variant org.gradle.launcher.daemon.bootstrap.GradleDaemon 7.3.3

Host: Intel(R) Core(TM) i3-5005U CPU @ 2.00GHz, 4 cores, 11G,  Windows 10 , 64 bit Build 18362 (10.0.18362.1110)
Time: Mon Nov 21 14:17:54 2022 E. Africa Standard Time elapsed time: 15.732442 seconds (0d 0h 0m 15s)

---------------  T H R E A D  ---------------

Current thread (0x000001631d2ce000):  JavaThread "C2 CompilerThread0" daemon [_thread_in_native, id=18732, stack(0x00000047ffb00000,0x00000047ffc00000)]


Current CompileTask:
C2:  15732 3652       4       org.objectweb.asm.Frame::execute (2318 bytes)

Stack: [0x00000047ffb00000,0x00000047ffc00000]
Native frames: (J=compiled Java code, j=interpreted, Vv=VM code, C=native code)
V  [jvm.dll+0x5fbcea]
V  [jvm.dll+0x731905]
V  [jvm.dll+0x732f1d]
V  [jvm.dll+0x7335d3]
V  [jvm.dll+0x247bf8]
V  [jvm.dll+0xc018c]
V  [jvm.dll+0xc06cc]
V  [jvm.dll+0x2bcc04]
V  [jvm.dll+0x5113a8]
V  [jvm.dll+0x208303]
V  [jvm.dll+0x201fe0]
V  [jvm.dll+0x1ff71f]
V  [jvm.dll+0x18868c]
V  [jvm.dll+0x20e0d7]
V  [jvm.dll+0x20c901]
V  [jvm.dll+0x6f9b7f]
V  [jvm.dll+0x6f26a5]
V  [jvm.dll+0x5fabf6]
C  [ucrtbase.dll+0x210b2]
C  [KERNEL32.DLL+0x17c24]
C  [ntdll.dll+0x6d4d1]


---------------  P R O C E S S  ---------------

Threads class SMR info:
_java_thread_list=0x000001632127b700, length=35, elements={
0x0000016302e22800, 0x000001631ca56800, 0x000001631d263800, 0x000001631d2c7800,
0x000001631d2ca000, 0x000001631d2cb000, 0x000001631d2ce000, 0x000001631d2d6800,
0x000001631d2e0000, 0x000001631d42f800, 0x000001631ea18000, 0x000001631de18000,
0x000001631f798800, 0x000001631e0b1800, 0x0000016320300800, 0x000001631f89c000,
0x000001631e9e7800, 0x000001631f679000, 0x000001631f9ae800, 0x000001631fa1f000,
0x000001631fa1f800, 0x000001631fa21800, 0x000001631fa20800, 0x000001631d922800,
0x000001631d921800, 0x000001631d923800, 0x000001631d920000, 0x000001631d91e800,
0x000001631d924000, 0x000001631d925000, 0x000001631d926000, 0x000001631d926800,
0x000001631d921000, 0x000001631d92c800, 0x000001632008d800
}

Java Threads: ( => current thread )
  0x0000016302e22800 JavaThread "main" [_thread_blocked, id=19384, stack(0x00000047fef00000,0x00000047ff000000)]
  0x000001631ca56800 JavaThread "Reference Handler" daemon [_thread_blocked, id=1268, stack(0x00000047ff600000,0x00000047ff700000)]
  0x000001631d263800 JavaThread "Finalizer" daemon [_thread_blocked, id=14760, stack(0x00000047ff700000,0x00000047ff800000)]
  0x000001631d2c7800 JavaThread "Signal Dispatcher" daemon [_thread_blocked, id=4684, stack(0x00000047ff800000,0x00000047ff900000)]
  0x000001631d2ca000 JavaThread "Attach Listener" daemon [_thread_blocked, id=22096, stack(0x00000047ff900000,0x00000047ffa00000)]
  0x000001631d2cb000 JavaThread "Service Thread" daemon [_thread_blocked, id=11988, stack(0x00000047ffa00000,0x00000047ffb00000)]
=>0x000001631d2ce000 JavaThread "C2 CompilerThread0" daemon [_thread_in_native, id=18732, stack(0x00000047ffb00000,0x00000047ffc00000)]
  0x000001631d2d6800 JavaThread "C1 CompilerThread0" daemon [_thread_blocked, id=21320, stack(0x00000047ffc00000,0x00000047ffd00000)]
  0x000001631d2e0000 JavaThread "Sweeper thread" daemon [_thread_blocked, id=19412, stack(0x00000047ffd00000,0x00000047ffe00000)]
  0x000001631d42f800 JavaThread "Common-Cleaner" daemon [_thread_blocked, id=15952, stack(0x00000047ffe00000,0x00000047fff00000)]
  0x000001631ea18000 JavaThread "Daemon health stats" [_thread_blocked, id=9656, stack(0x0000004780000000,0x0000004780100000)]
  0x000001631de18000 JavaThread "Incoming local TCP Connector on port 53334" [_thread_in_native, id=17812, stack(0x0000004780400000,0x0000004780500000)]
  0x000001631f798800 JavaThread "Daemon periodic checks" [_thread_blocked, id=12388, stack(0x0000004780500000,0x0000004780600000)]
  0x000001631e0b1800 JavaThread "Daemon" [_thread_blocked, id=16952, stack(0x0000004780600000,0x0000004780700000)]
  0x0000016320300800 JavaThread "Handler for socket connection from /127.0.0.1:53334 to /127.0.0.1:53335" [_thread_in_native, id=18516, stack(0x0000004780700000,0x0000004780800000)]
  0x000001631f89c000 JavaThread "Cancel handler" [_thread_blocked, id=10212, stack(0x0000004780800000,0x0000004780900000)]
  0x000001631e9e7800 JavaThread "Daemon worker" [_thread_in_native, id=19468, stack(0x0000004780900000,0x0000004780a00000)]
  0x000001631f679000 JavaThread "Asynchronous log dispatcher for DefaultDaemonConnection: socket connection from /127.0.0.1:53334 to /127.0.0.1:53335" [_thread_blocked, id=20608, stack(0x0000004780a00000,0x0000004780b00000)]
  0x000001631f9ae800 JavaThread "Stdin handler" [_thread_blocked, id=22340, stack(0x0000004780b00000,0x0000004780c00000)]
  0x000001631fa1f000 JavaThread "Daemon client event forwarder" [_thread_blocked, id=21528, stack(0x0000004780c00000,0x0000004780d00000)]
  0x000001631fa1f800 JavaThread "Cache worker for journal cache (C:\Users\Francis pc\.gradle\caches\journal-1)" [_thread_blocked, id=18052, stack(0x0000004780d00000,0x0000004780e00000)]
  0x000001631fa21800 JavaThread "File lock request listener" [_thread_in_native, id=21060, stack(0x0000004780e00000,0x0000004780f00000)]
  0x000001631fa20800 JavaThread "Cache worker for file hash cache (C:\Users\Francis pc\.gradle\caches\7.3.3\fileHashes)" [_thread_blocked, id=10352, stack(0x0000004780f00000,0x0000004781000000)]
  0x000001631d922800 JavaThread "Cache worker for file hash cache (E:\Mark\church\Church\.gradle\7.3.3\fileHashes)" [_thread_blocked, id=11820, stack(0x0000004781000000,0x0000004781100000)]
  0x000001631d921800 JavaThread "File watcher server" daemon [_thread_in_native, id=21624, stack(0x0000004781200000,0x0000004781300000)]
  0x000001631d923800 JavaThread "File watcher consumer" daemon [_thread_blocked, id=20944, stack(0x0000004781300000,0x0000004781400000)]
  0x000001631d920000 JavaThread "Cache worker for checksums cache (E:\Mark\church\Church\.gradle\7.3.3\checksums)" [_thread_blocked, id=9124, stack(0x0000004781100000,0x0000004781200000)]
  0x000001631d91e800 JavaThread "Cache worker for cache directory md-supplier (C:\Users\Francis pc\.gradle\caches\7.3.3\md-supplier)" [_thread_blocked, id=20004, stack(0x0000004781400000,0x0000004781500000)]
  0x000001631d924000 JavaThread "Cache worker for cache directory md-rule (C:\Users\Francis pc\.gradle\caches\7.3.3\md-rule)" [_thread_blocked, id=19188, stack(0x0000004781600000,0x0000004781700000)]
  0x000001631d925000 JavaThread "Cache worker for execution history cache (C:\Users\Francis pc\.gradle\caches\7.3.3\executionHistory)" [_thread_blocked, id=21072, stack(0x0000004781700000,0x0000004781800000)]
  0x000001631d926000 JavaThread "jar transforms" [_thread_blocked, id=18608, stack(0x0000004781800000,0x0000004781900000)]
  0x000001631d926800 JavaThread "jar transforms Thread 2" [_thread_blocked, id=21920, stack(0x0000004781900000,0x0000004781a00000)]
  0x000001631d921000 JavaThread "Cache worker for file content cache (C:\Users\Francis pc\.gradle\caches\7.3.3\fileContent)" [_thread_blocked, id=20512, stack(0x0000004781a00000,0x0000004781b00000)]
  0x000001631d92c800 JavaThread "Cache worker for dependencies-accessors (E:\Mark\church\Church\.gradle\7.3.3\dependencies-accessors)" [_thread_blocked, id=16844, stack(0x0000004781b00000,0x0000004781c00000)]
  0x000001632008d800 JavaThread "C2 CompilerThread1" daemon [_thread_blocked, id=19636, stack(0x0000004781500000,0x0000004781600000)]

Other Threads:
  0x000001631ca55800 VMThread "VM Thread" [stack: 0x00000047ff500000,0x00000047ff600000] [id=3764]
  0x000001631d44c800 WatcherThread [stack: 0x00000047fff00000,0x0000004800000000] [id=17528]
  0x0000016302e3a800 GCTaskThread "GC Thread#0" [stack: 0x00000047ff000000,0x00000047ff100000] [id=18848]
  0x000001631d855000 GCTaskThread "GC Thread#1" [stack: 0x0000004780100000,0x0000004780200000] [id=16736]
  0x000001631d87c000 GCTaskThread "GC Thread#2" [stack: 0x0000004780200000,0x0000004780300000] [id=13240]
  0x000001631d658000 GCTaskThread "GC Thread#3" [stack: 0x0000004780300000,0x0000004780400000] [id=21432]
  0x0000016302e6b800 ConcurrentGCThread "G1 Main Marker" [stack: 0x00000047ff100000,0x00000047ff200000] [id=22508]
  0x0000016302e6d000 ConcurrentGCThread "G1 Conc#0" [stack: 0x00000047ff200000,0x00000047ff300000] [id=16256]
  0x000001631c8a6800 ConcurrentGCThread "G1 Refine#0" [stack: 0x00000047ff300000,0x00000047ff400000] [id=19868]
  0x000001631c8a7800 ConcurrentGCThread "G1 Young RemSet Sampling" [stack: 0x00000047ff400000,0x00000047ff500000] [id=17884]

Threads with active compile tasks:
C2 CompilerThread0  15779 3652       4       org.objectweb.asm.Frame::execute (2318 bytes)

VM state:not at safepoint (normal execution)

VM Mutex/Monitor currently owned by a thread: None

Heap address: 0x0000000080000000, size: 2048 MB, Compressed Oops mode: 32-bit
Narrow klass base: 0x0000000000000000, Narrow klass shift: 3
Compressed class space size: 1073741824 Address: 0x0000000100000000

Heap:
 garbage-first heap   total 196608K, used 106123K [0x0000000080000000, 0x0000000100000000)
  region size 1024K, 88 young (90112K), 7 survivors (7168K)
 Metaspace       used 41795K, capacity 42759K, committed 42956K, reserved 1087488K
  class space    used 5367K, capacity 5744K, committed 5836K, reserved 1048576K
Heap Regions: E=young(eden), S=young(survivor), O=old, HS=humongous(starts), HC=humongous(continues), CS=collection set, F=free, A=archive, TAMS=top-at-mark-start (previous, next)
|   0|0x0000000080000000, 0x0000000080100000, 0x0000000080100000|100%|HS|  |TAMS 0x0000000080100000, 0x0000000080000000| Complete 
|   1|0x0000000080100000, 0x0000000080200000, 0x0000000080200000|100%|HC|  |TAMS 0x0000000080200000, 0x0000000080100000| Complete 
|   2|0x0000000080200000, 0x0000000080300000, 0x0000000080300000|100%|HC|  |TAMS 0x0000000080300000, 0x0000000080200000| Complete 
|   3|0x0000000080300000, 0x0000000080400000, 0x0000000080400000|100%| O|  |TAMS 0x0000000080400000, 0x0000000080300000| Untracked 
|   4|0x0000000080400000, 0x0000000080500000, 0x0000000080500000|100%| O|  |TAMS 0x0000000080500000, 0x0000000080400000| Untracked 
|   5|0x0000000080500000, 0x0000000080600000, 0x0000000080600000|100%| O|  |TAMS 0x0000000080600000, 0x0000000080500000| Untracked 
|   6|0x0000000080600000, 0x0000000080700000, 0x0000000080700000|100%| O|  |TAMS 0x0000000080700000, 0x0000000080600000| Untracked 
|   7|0x0000000080700000, 0x0000000080800000, 0x0000000080800000|100%| O|  |TAMS 0x0000000080800000, 0x0000000080700000| Untracked 
|   8|0x0000000080800000, 0x0000000080900000, 0x0000000080900000|100%| O|  |TAMS 0x0000000080900000, 0x0000000080800000| Untracked 
|   9|0x0000000080900000, 0x0000000080a00000, 0x0000000080a00000|100%| O|  |TAMS 0x0000000080a00000, 0x0000000080900000| Untracked 
|  10|0x0000000080a00000, 0x0000000080b00000, 0x0000000080b00000|100%| O|  |TAMS 0x0000000080b00000, 0x0000000080a00000| Untracked 
|  11|0x0000000080b00000, 0x0000000080c00000, 0x0000000080c00000|100%| O|  |TAMS 0x0000000080c00000, 0x0000000080b00000| Untracked 
|  12|0x0000000080c00000, 0x0000000080d00000, 0x0000000080d00000|100%| O|  |TAMS 0x0000000080d00000, 0x0000000080c00000| Untracked 
|  13|0x0000000080d00000, 0x0000000080e00000, 0x0000000080e00000|100%| O|  |TAMS 0x0000000080e00000, 0x0000000080d00000| Untracked 
|  14|0x0000000080e00000, 0x0000000080f00000, 0x0000000080f00000|100%| O|  |TAMS 0x0000000080f00000, 0x0000000080e00000| Untracked 
|  15|0x0000000080f00000, 0x0000000080f7b200, 0x0000000081000000| 48%| O|  |TAMS 0x0000000080f7b200, 0x0000000080f00000| Untracked 
|  16|0x0000000081000000, 0x0000000081100000, 0x0000000081100000|100%|HS|  |TAMS 0x0000000081000000, 0x0000000081000000| Complete 
|  17|0x0000000081100000, 0x0000000081200000, 0x0000000081200000|100%|HS|  |TAMS 0x0000000081100000, 0x0000000081100000| Complete 
|  18|0x0000000081200000, 0x0000000081300000, 0x0000000081300000|100%|HC|  |TAMS 0x0000000081200000, 0x0000000081200000| Complete 
|  19|0x0000000081300000, 0x0000000081300000, 0x0000000081400000|  0%| F|  |TAMS 0x0000000081300000, 0x0000000081300000| Untracked 
|  20|0x0000000081400000, 0x0000000081400000, 0x0000000081500000|  0%| F|  |TAMS 0x0000000081400000, 0x0000000081400000| Untracked 
|  21|0x0000000081500000, 0x0000000081500000, 0x0000000081600000|  0%| F|  |TAMS 0x0000000081500000, 0x0000000081500000| Untracked 
|  22|0x0000000081600000, 0x0000000081600000, 0x0000000081700000|  0%| F|  |TAMS 0x0000000081600000, 0x0000000081600000| Untracked 
|  23|0x0000000081700000, 0x0000000081700000, 0x0000000081800000|  0%| F|  |TAMS 0x0000000081700000, 0x0000000081700000| Untracked 
|  24|0x0000000081800000, 0x0000000081800000, 0x0000000081900000|  0%| F|  |TAMS 0x0000000081800000, 0x0000000081800000| Untracked 
|  25|0x0000000081900000, 0x0000000081900000, 0x0000000081a00000|  0%| F|  |TAMS 0x0000000081900000, 0x0000000081900000| Untracked 
|  26|0x0000000081a00000, 0x0000000081a00000, 0x0000000081b00000|  0%| F|  |TAMS 0x0000000081a00000, 0x0000000081a00000| Untracked 
|  27|0x0000000081b00000, 0x0000000081b00000, 0x0000000081c00000|  0%| F|  |TAMS 0x0000000081b00000, 0x0000000081b00000| Untracked 
|  28|0x0000000081c00000, 0x0000000081c00000, 0x0000000081d00000|  0%| F|  |TAMS 0x0000000081c00000, 0x0000000081c00000| Untracked 
|  29|0x0000000081d00000, 0x0000000081d00000, 0x0000000081e00000|  0%| F|  |TAMS 0x0000000081d00000, 0x0000000081d00000| Untracked 
|  30|0x0000000081e00000, 0x0000000081e00000, 0x0000000081f00000|  0%| F|  |TAMS 0x0000000081e00000, 0x0000000081e00000| Untracked 
|  31|0x0000000081f00000, 0x0000000081f00000, 0x0000000082000000|  0%| F|  |TAMS 0x0000000081f00000, 0x0000000081f00000| Untracked 
|  32|0x0000000082000000, 0x0000000082000000, 0x0000000082100000|  0%| F|  |TAMS 0x0000000082000000, 0x0000000082000000| Untracked 
|  33|0x0000000082100000, 0x0000000082100000, 0x0000000082200000|  0%| F|  |TAMS 0x0000000082100000, 0x0000000082100000| Untracked 
|  34|0x0000000082200000, 0x0000000082200000, 0x0000000082300000|  0%| F|  |TAMS 0x0000000082200000, 0x0000000082200000| Untracked 
|  35|0x0000000082300000, 0x0000000082300000, 0x0000000082400000|  0%| F|  |TAMS 0x0000000082300000, 0x0000000082300000| Untracked 
|  36|0x0000000082400000, 0x0000000082400000, 0x0000000082500000|  0%| F|  |TAMS 0x0000000082400000, 0x0000000082400000| Untracked 
|  37|0x0000000082500000, 0x0000000082500000, 0x0000000082600000|  0%| F|  |TAMS 0x0000000082500000, 0x0000000082500000| Untracked 
|  38|0x0000000082600000, 0x0000000082600000, 0x0000000082700000|  0%| F|  |TAMS 0x0000000082600000, 0x0000000082600000| Untracked 
|  39|0x0000000082700000, 0x0000000082700000, 0x0000000082800000|  0%| F|  |TAMS 0x0000000082700000, 0x0000000082700000| Untracked 
|  40|0x0000000082800000, 0x0000000082800000, 0x0000000082900000|  0%| F|  |TAMS 0x0000000082800000, 0x0000000082800000| Untracked 
|  41|0x0000000082900000, 0x0000000082900000, 0x0000000082a00000|  0%| F|  |TAMS 0x0000000082900000, 0x0000000082900000| Untracked 
|  42|0x0000000082a00000, 0x0000000082a00000, 0x0000000082b00000|  0%| F|  |TAMS 0x0000000082a00000, 0x0000000082a00000| Untracked 
|  43|0x0000000082b00000, 0x0000000082b00000, 0x0000000082c00000|  0%| F|  |TAMS 0x0000000082b00000, 0x0000000082b00000| Untracked 
|  44|0x0000000082c00000, 0x0000000082c00000, 0x0000000082d00000|  0%| F|  |TAMS 0x0000000082c00000, 0x0000000082c00000| Untracked 
|  45|0x0000000082d00000, 0x0000000082d00000, 0x0000000082e00000|  0%| F|  |TAMS 0x0000000082d00000, 0x0000000082d00000| Untracked 
|  46|0x0000000082e00000, 0x0000000082e00000, 0x0000000082f00000|  0%| F|  |TAMS 0x0000000082e00000, 0x0000000082e00000| Untracked 
|  47|0x0000000082f00000, 0x0000000082f00000, 0x0000000083000000|  0%| F|  |TAMS 0x0000000082f00000, 0x0000000082f00000| Untracked 
|  48|0x0000000083000000, 0x0000000083000000, 0x0000000083100000|  0%| F|  |TAMS 0x0000000083000000, 0x0000000083000000| Untracked 
|  49|0x0000000083100000, 0x0000000083100000, 0x0000000083200000|  0%| F|  |TAMS 0x0000000083100000, 0x0000000083100000| Untracked 
|  50|0x0000000083200000, 0x0000000083200000, 0x0000000083300000|  0%| F|  |TAMS 0x0000000083200000, 0x0000000083200000| Untracked 
|  51|0x0000000083300000, 0x0000000083300000, 0x0000000083400000|  0%| F|  |TAMS 0x0000000083300000, 0x0000000083300000| Untracked 
|  52|0x0000000083400000, 0x0000000083400000, 0x0000000083500000|  0%| F|  |TAMS 0x0000000083400000, 0x0000000083400000| Untracked 
|  53|0x0000000083500000, 0x0000000083500000, 0x0000000083600000|  0%| F|  |TAMS 0x0000000083500000, 0x0000000083500000| Untracked 
|  54|0x0000000083600000, 0x0000000083600000, 0x0000000083700000|  0%| F|  |TAMS 0x0000000083600000, 0x0000000083600000| Untracked 
|  55|0x0000000083700000, 0x0000000083700000, 0x0000000083800000|  0%| F|  |TAMS 0x0000000083700000, 0x0000000083700000| Untracked 
|  56|0x0000000083800000, 0x0000000083800000, 0x0000000083900000|  0%| F|  |TAMS 0x0000000083800000, 0x0000000083800000| Untracked 
|  57|0x0000000083900000, 0x0000000083900000, 0x0000000083a00000|  0%| F|  |TAMS 0x0000000083900000, 0x0000000083900000| Untracked 
|  58|0x0000000083a00000, 0x0000000083a00000, 0x0000000083b00000|  0%| F|  |TAMS 0x0000000083a00000, 0x0000000083a00000| Untracked 
|  59|0x0000000083b00000, 0x0000000083b00000, 0x0000000083c00000|  0%| F|  |TAMS 0x0000000083b00000, 0x0000000083b00000| Untracked 
|  60|0x0000000083c00000, 0x0000000083c00000, 0x0000000083d00000|  0%| F|  |TAMS 0x0000000083c00000, 0x0000000083c00000| Untracked 
|  61|0x0000000083d00000, 0x0000000083d00000, 0x0000000083e00000|  0%| F|  |TAMS 0x0000000083d00000, 0x0000000083d00000| Untracked 
|  62|0x0000000083e00000, 0x0000000083e00000, 0x0000000083f00000|  0%| F|  |TAMS 0x0000000083e00000, 0x0000000083e00000| Untracked 
|  63|0x0000000083f00000, 0x0000000083f00000, 0x0000000084000000|  0%| F|  |TAMS 0x0000000083f00000, 0x0000000083f00000| Untracked 
|  64|0x0000000084000000, 0x0000000084000000, 0x0000000084100000|  0%| F|  |TAMS 0x0000000084000000, 0x0000000084000000| Untracked 
|  65|0x0000000084100000, 0x0000000084100000, 0x0000000084200000|  0%| F|  |TAMS 0x0000000084100000, 0x0000000084100000| Untracked 
|  66|0x0000000084200000, 0x0000000084200000, 0x0000000084300000|  0%| F|  |TAMS 0x0000000084200000, 0x0000000084200000| Untracked 
|  67|0x0000000084300000, 0x0000000084300000, 0x0000000084400000|  0%| F|  |TAMS 0x0000000084300000, 0x0000000084300000| Untracked 
|  68|0x0000000084400000, 0x0000000084400000, 0x0000000084500000|  0%| F|  |TAMS 0x0000000084400000, 0x0000000084400000| Untracked 
|  69|0x0000000084500000, 0x0000000084500000, 0x0000000084600000|  0%| F|  |TAMS 0x0000000084500000, 0x0000000084500000| Untracked 
|  70|0x0000000084600000, 0x0000000084600000, 0x0000000084700000|  0%| F|  |TAMS 0x0000000084600000, 0x0000000084600000| Untracked 
|  71|0x0000000084700000, 0x0000000084700000, 0x0000000084800000|  0%| F|  |TAMS 0x0000000084700000, 0x0000000084700000| Untracked 
|  72|0x0000000084800000, 0x0000000084800000, 0x0000000084900000|  0%| F|  |TAMS 0x0000000084800000, 0x0000000084800000| Untracked 
|  73|0x0000000084900000, 0x0000000084900000, 0x0000000084a00000|  0%| F|  |TAMS 0x0000000084900000, 0x0000000084900000| Untracked 
|  74|0x0000000084a00000, 0x0000000084a00000, 0x0000000084b00000|  0%| F|  |TAMS 0x0000000084a00000, 0x0000000084a00000| Untracked 
|  75|0x0000000084b00000, 0x0000000084b00000, 0x0000000084c00000|  0%| F|  |TAMS 0x0000000084b00000, 0x0000000084b00000| Untracked 
|  76|0x0000000084c00000, 0x0000000084c00000, 0x0000000084d00000|  0%| F|  |TAMS 0x0000000084c00000, 0x0000000084c00000| Untracked 
|  77|0x0000000084d00000, 0x0000000084d00000, 0x0000000084e00000|  0%| F|  |TAMS 0x0000000084d00000, 0x0000000084d00000| Untracked 
|  78|0x0000000084e00000, 0x0000000084e00000, 0x0000000084f00000|  0%| F|  |TAMS 0x0000000084e00000, 0x0000000084e00000| Untracked 
|  79|0x0000000084f00000, 0x0000000084f00000, 0x0000000085000000|  0%| F|  |TAMS 0x0000000084f00000, 0x0000000084f00000| Untracked 
|  80|0x0000000085000000, 0x0000000085000000, 0x0000000085100000|  0%| F|  |TAMS 0x0000000085000000, 0x0000000085000000| Untracked 
|  81|0x0000000085100000, 0x0000000085100000, 0x0000000085200000|  0%| F|  |TAMS 0x0000000085100000, 0x0000000085100000| Untracked 
|  82|0x0000000085200000, 0x0000000085200000, 0x0000000085300000|  0%| F|  |TAMS 0x0000000085200000, 0x0000000085200000| Untracked 
|  83|0x0000000085300000, 0x0000000085300000, 0x0000000085400000|  0%| F|  |TAMS 0x0000000085300000, 0x0000000085300000| Untracked 
|  84|0x0000000085400000, 0x0000000085400000, 0x0000000085500000|  0%| F|  |TAMS 0x0000000085400000, 0x0000000085400000| Untracked 
|  85|0x0000000085500000, 0x0000000085500000, 0x0000000085600000|  0%| F|  |TAMS 0x0000000085500000, 0x0000000085500000| Untracked 
|  86|0x0000000085600000, 0x0000000085600000, 0x0000000085700000|  0%| F|  |TAMS 0x0000000085600000, 0x0000000085600000| Untracked 
|  87|0x0000000085700000, 0x0000000085700000, 0x0000000085800000|  0%| F|  |TAMS 0x0000000085700000, 0x0000000085700000| Untracked 
|  88|0x0000000085800000, 0x0000000085800000, 0x0000000085900000|  0%| F|  |TAMS 0x0000000085800000, 0x0000000085800000| Untracked 
|  89|0x0000000085900000, 0x0000000085900000, 0x0000000085a00000|  0%| F|  |TAMS 0x0000000085900000, 0x0000000085900000| Untracked 
|  90|0x0000000085a00000, 0x0000000085a00000, 0x0000000085b00000|  0%| F|  |TAMS 0x0000000085a00000, 0x0000000085a00000| Untracked 
|  91|0x0000000085b00000, 0x0000000085b00000, 0x0000000085c00000|  0%| F|  |TAMS 0x0000000085b00000, 0x0000000085b00000| Untracked 
|  92|0x0000000085c00000, 0x0000000085c00000, 0x0000000085d00000|  0%| F|  |TAMS 0x0000000085c00000, 0x0000000085c00000| Untracked 
|  93|0x0000000085d00000, 0x0000000085d00000, 0x0000000085e00000|  0%| F|  |TAMS 0x0000000085d00000, 0x0000000085d00000| Untracked 
|  94|0x0000000085e00000, 0x0000000085e00000, 0x0000000085f00000|  0%| F|  |TAMS 0x0000000085e00000, 0x0000000085e00000| Untracked 
|  95|0x0000000085f00000, 0x0000000085f00000, 0x0000000086000000|  0%| F|  |TAMS 0x0000000085f00000, 0x0000000085f00000| Untracked 
|  96|0x0000000086000000, 0x0000000086000000, 0x0000000086100000|  0%| F|  |TAMS 0x0000000086000000, 0x0000000086000000| Untracked 
|  97|0x0000000086100000, 0x0000000086100000, 0x0000000086200000|  0%| F|  |TAMS 0x0000000086100000, 0x0000000086100000| Untracked 
|  98|0x0000000086200000, 0x0000000086200000, 0x0000000086300000|  0%| F|  |TAMS 0x0000000086200000, 0x0000000086200000| Untracked 
|  99|0x0000000086300000, 0x0000000086300000, 0x0000000086400000|  0%| F|  |TAMS 0x0000000086300000, 0x0000000086300000| Untracked 
| 100|0x0000000086400000, 0x0000000086400000, 0x0000000086500000|  0%| F|  |TAMS 0x0000000086400000, 0x0000000086400000| Untracked 
| 101|0x0000000086500000, 0x0000000086500000, 0x0000000086600000|  0%| F|  |TAMS 0x0000000086500000, 0x0000000086500000| Untracked 
| 102|0x0000000086600000, 0x0000000086600000, 0x0000000086700000|  0%| F|  |TAMS 0x0000000086600000, 0x0000000086600000| Untracked 
| 103|0x0000000086700000, 0x0000000086700000, 0x0000000086800000|  0%| F|  |TAMS 0x0000000086700000, 0x0000000086700000| Untracked 
| 104|0x0000000086800000, 0x0000000086900000, 0x0000000086900000|100%| E|  |TAMS 0x0000000086800000, 0x0000000086800000| Complete 
| 105|0x0000000086900000, 0x0000000086a00000, 0x0000000086a00000|100%| E|CS|TAMS 0x0000000086900000, 0x0000000086900000| Complete 
| 106|0x0000000086a00000, 0x0000000086b00000, 0x0000000086b00000|100%| E|CS|TAMS 0x0000000086a00000, 0x0000000086a00000| Complete 
| 107|0x0000000086b00000, 0x0000000086c00000, 0x0000000086c00000|100%| E|CS|TAMS 0x0000000086b00000, 0x0000000086b00000| Complete 
| 108|0x0000000086c00000, 0x0000000086d00000, 0x0000000086d00000|100%| E|CS|TAMS 0x0000000086c00000, 0x0000000086c00000| Complete 
| 109|0x0000000086d00000, 0x0000000086e00000, 0x0000000086e00000|100%| E|CS|TAMS 0x0000000086d00000, 0x0000000086d00000| Complete 
| 110|0x0000000086e00000, 0x0000000086f00000, 0x0000000086f00000|100%| E|CS|TAMS 0x0000000086e00000, 0x0000000086e00000| Complete 
| 111|0x0000000086f00000, 0x0000000087000000, 0x0000000087000000|100%| E|CS|TAMS 0x0000000086f00000, 0x0000000086f00000| Complete 
| 112|0x0000000087000000, 0x0000000087100000, 0x0000000087100000|100%| E|CS|TAMS 0x0000000087000000, 0x0000000087000000| Complete 
| 113|0x0000000087100000, 0x0000000087200000, 0x0000000087200000|100%| E|CS|TAMS 0x0000000087100000, 0x0000000087100000| Complete 
| 114|0x0000000087200000, 0x0000000087300000, 0x0000000087300000|100%| E|CS|TAMS 0x0000000087200000, 0x0000000087200000| Complete 
| 115|0x0000000087300000, 0x0000000087400000, 0x0000000087400000|100%| E|CS|TAMS 0x0000000087300000, 0x0000000087300000| Complete 
| 116|0x0000000087400000, 0x0000000087500000, 0x0000000087500000|100%| E|CS|TAMS 0x0000000087400000, 0x0000000087400000| Complete 
| 117|0x0000000087500000, 0x0000000087600000, 0x0000000087600000|100%| E|CS|TAMS 0x0000000087500000, 0x0000000087500000| Complete 
| 118|0x0000000087600000, 0x0000000087700000, 0x0000000087700000|100%| E|CS|TAMS 0x0000000087600000, 0x0000000087600000| Complete 
| 119|0x0000000087700000, 0x0000000087800000, 0x0000000087800000|100%| E|CS|TAMS 0x0000000087700000, 0x0000000087700000| Complete 
| 120|0x0000000087800000, 0x0000000087900000, 0x0000000087900000|100%| E|CS|TAMS 0x0000000087800000, 0x0000000087800000| Complete 
| 121|0x0000000087900000, 0x0000000087a00000, 0x0000000087a00000|100%| E|CS|TAMS 0x0000000087900000, 0x0000000087900000| Complete 
| 122|0x0000000087a00000, 0x0000000087b00000, 0x0000000087b00000|100%| E|CS|TAMS 0x0000000087a00000, 0x0000000087a00000| Complete 
| 123|0x0000000087b00000, 0x0000000087c00000, 0x0000000087c00000|100%| E|CS|TAMS 0x0000000087b00000, 0x0000000087b00000| Complete 
| 124|0x0000000087c00000, 0x0000000087d00000, 0x0000000087d00000|100%| E|CS|TAMS 0x0000000087c00000, 0x0000000087c00000| Complete 
| 125|0x0000000087d00000, 0x0000000087e00000, 0x0000000087e00000|100%| E|CS|TAMS 0x0000000087d00000, 0x0000000087d00000| Complete 
| 126|0x0000000087e00000, 0x0000000087e27bf8, 0x0000000087f00000| 15%| S|CS|TAMS 0x0000000087e00000, 0x0000000087e00000| Complete 
| 127|0x0000000087f00000, 0x0000000088000000, 0x0000000088000000|100%| S|CS|TAMS 0x0000000087f00000, 0x0000000087f00000| Complete 
| 128|0x0000000088000000, 0x0000000088100000, 0x0000000088100000|100%| S|CS|TAMS 0x0000000088000000, 0x0000000088000000| Complete 
| 129|0x0000000088100000, 0x0000000088200000, 0x0000000088200000|100%| E|CS|TAMS 0x0000000088100000, 0x0000000088100000| Complete 
| 130|0x0000000088200000, 0x0000000088300000, 0x0000000088300000|100%| E|CS|TAMS 0x0000000088200000, 0x0000000088200000| Complete 
| 131|0x0000000088300000, 0x0000000088400000, 0x0000000088400000|100%| E|CS|TAMS 0x0000000088300000, 0x0000000088300000| Complete 
| 132|0x0000000088400000, 0x0000000088500000, 0x0000000088500000|100%| E|CS|TAMS 0x0000000088400000, 0x0000000088400000| Complete 
| 133|0x0000000088500000, 0x0000000088600000, 0x0000000088600000|100%| S|CS|TAMS 0x0000000088500000, 0x0000000088500000| Complete 
| 134|0x0000000088600000, 0x0000000088700000, 0x0000000088700000|100%| S|CS|TAMS 0x0000000088600000, 0x0000000088600000| Complete 
| 135|0x0000000088700000, 0x0000000088800000, 0x0000000088800000|100%| S|CS|TAMS 0x0000000088700000, 0x0000000088700000| Complete 
| 136|0x0000000088800000, 0x0000000088900000, 0x0000000088900000|100%| S|CS|TAMS 0x0000000088800000, 0x0000000088800000| Complete 
| 137|0x0000000088900000, 0x0000000088a00000, 0x0000000088a00000|100%| E|CS|TAMS 0x0000000088900000, 0x0000000088900000| Complete 
| 138|0x0000000088a00000, 0x0000000088b00000, 0x0000000088b00000|100%| E|CS|TAMS 0x0000000088a00000, 0x0000000088a00000| Complete 
| 139|0x0000000088b00000, 0x0000000088c00000, 0x0000000088c00000|100%| E|CS|TAMS 0x0000000088b00000, 0x0000000088b00000| Complete 
| 140|0x0000000088c00000, 0x0000000088d00000, 0x0000000088d00000|100%| E|CS|TAMS 0x0000000088c00000, 0x0000000088c00000| Complete 
| 141|0x0000000088d00000, 0x0000000088e00000, 0x0000000088e00000|100%| E|CS|TAMS 0x0000000088d00000, 0x0000000088d00000| Complete 
| 142|0x0000000088e00000, 0x0000000088f00000, 0x0000000088f00000|100%| E|CS|TAMS 0x0000000088e00000, 0x0000000088e00000| Complete 
| 143|0x0000000088f00000, 0x0000000089000000, 0x0000000089000000|100%| E|CS|TAMS 0x0000000088f00000, 0x0000000088f00000| Complete 
| 144|0x0000000089000000, 0x0000000089100000, 0x0000000089100000|100%| E|CS|TAMS 0x0000000089000000, 0x0000000089000000| Complete 
| 145|0x0000000089100000, 0x0000000089200000, 0x0000000089200000|100%| E|CS|TAMS 0x0000000089100000, 0x0000000089100000| Complete 
| 146|0x0000000089200000, 0x0000000089300000, 0x0000000089300000|100%| E|CS|TAMS 0x0000000089200000, 0x0000000089200000| Complete 
| 147|0x0000000089300000, 0x0000000089400000, 0x0000000089400000|100%| E|CS|TAMS 0x0000000089300000, 0x0000000089300000| Complete 
| 148|0x0000000089400000, 0x0000000089500000, 0x0000000089500000|100%| E|CS|TAMS 0x0000000089400000, 0x0000000089400000| Complete 
| 149|0x0000000089500000, 0x0000000089600000, 0x0000000089600000|100%| E|  |TAMS 0x0000000089500000, 0x0000000089500000| Complete 
| 150|0x0000000089600000, 0x0000000089700000, 0x0000000089700000|100%| E|CS|TAMS 0x0000000089600000, 0x0000000089600000| Complete 
| 151|0x0000000089700000, 0x0000000089800000, 0x0000000089800000|100%| E|CS|TAMS 0x0000000089700000, 0x0000000089700000| Complete 
| 152|0x0000000089800000, 0x0000000089900000, 0x0000000089900000|100%| E|CS|TAMS 0x0000000089800000, 0x0000000089800000| Complete 
| 153|0x0000000089900000, 0x0000000089a00000, 0x0000000089a00000|100%| E|CS|TAMS 0x0000000089900000, 0x0000000089900000| Complete 
| 154|0x0000000089a00000, 0x0000000089b00000, 0x0000000089b00000|100%| E|CS|TAMS 0x0000000089a00000, 0x0000000089a00000| Complete 
| 155|0x0000000089b00000, 0x0000000089c00000, 0x0000000089c00000|100%| E|CS|TAMS 0x0000000089b00000, 0x0000000089b00000| Complete 
| 156|0x0000000089c00000, 0x0000000089d00000, 0x0000000089d00000|100%| E|CS|TAMS 0x0000000089c00000, 0x0000000089c00000| Complete 
| 157|0x0000000089d00000, 0x0000000089e00000, 0x0000000089e00000|100%| E|CS|TAMS 0x0000000089d00000, 0x0000000089d00000| Complete 
| 158|0x0000000089e00000, 0x0000000089f00000, 0x0000000089f00000|100%| E|CS|TAMS 0x0000000089e00000, 0x0000000089e00000| Complete 
| 159|0x0000000089f00000, 0x000000008a000000, 0x000000008a000000|100%| E|CS|TAMS 0x0000000089f00000, 0x0000000089f00000| Complete 
| 160|0x000000008a000000, 0x000000008a100000, 0x000000008a100000|100%| E|CS|TAMS 0x000000008a000000, 0x000000008a000000| Complete 
| 161|0x000000008a100000, 0x000000008a200000, 0x000000008a200000|100%| E|CS|TAMS 0x000000008a100000, 0x000000008a100000| Complete 
| 162|0x000000008a200000, 0x000000008a300000, 0x000000008a300000|100%| E|CS|TAMS 0x000000008a200000, 0x000000008a200000| Complete 
| 163|0x000000008a300000, 0x000000008a400000, 0x000000008a400000|100%| E|CS|TAMS 0x000000008a300000, 0x000000008a300000| Complete 
| 164|0x000000008a400000, 0x000000008a500000, 0x000000008a500000|100%| E|CS|TAMS 0x000000008a400000, 0x000000008a400000| Complete 
| 165|0x000000008a500000, 0x000000008a600000, 0x000000008a600000|100%| E|CS|TAMS 0x000000008a500000, 0x000000008a500000| Complete 
| 166|0x000000008a600000, 0x000000008a700000, 0x000000008a700000|100%| E|CS|TAMS 0x000000008a600000, 0x000000008a600000| Complete 
| 167|0x000000008a700000, 0x000000008a800000, 0x000000008a800000|100%| E|CS|TAMS 0x000000008a700000, 0x000000008a700000| Complete 
| 168|0x000000008a800000, 0x000000008a900000, 0x000000008a900000|100%| E|CS|TAMS 0x000000008a800000, 0x000000008a800000| Complete 
| 169|0x000000008a900000, 0x000000008aa00000, 0x000000008aa00000|100%| E|CS|TAMS 0x000000008a900000, 0x000000008a900000| Complete 
| 170|0x000000008aa00000, 0x000000008ab00000, 0x000000008ab00000|100%| E|CS|TAMS 0x000000008aa00000, 0x000000008aa00000| Complete 
| 171|0x000000008ab00000, 0x000000008ac00000, 0x000000008ac00000|100%| E|CS|TAMS 0x000000008ab00000, 0x000000008ab00000| Complete 
| 172|0x000000008ac00000, 0x000000008ad00000, 0x000000008ad00000|100%| E|CS|TAMS 0x000000008ac00000, 0x000000008ac00000| Complete 
| 173|0x000000008ad00000, 0x000000008ae00000, 0x000000008ae00000|100%| E|CS|TAMS 0x000000008ad00000, 0x000000008ad00000| Complete 
| 174|0x000000008ae00000, 0x000000008af00000, 0x000000008af00000|100%| E|CS|TAMS 0x000000008ae00000, 0x000000008ae00000| Complete 
| 175|0x000000008af00000, 0x000000008b000000, 0x000000008b000000|100%| E|CS|TAMS 0x000000008af00000, 0x000000008af00000| Complete 
| 176|0x000000008b000000, 0x000000008b100000, 0x000000008b100000|100%| E|CS|TAMS 0x000000008b000000, 0x000000008b000000| Complete 
| 177|0x000000008b100000, 0x000000008b200000, 0x000000008b200000|100%| E|CS|TAMS 0x000000008b100000, 0x000000008b100000| Complete 
| 178|0x000000008b200000, 0x000000008b300000, 0x000000008b300000|100%| E|CS|TAMS 0x000000008b200000, 0x000000008b200000| Complete 
| 179|0x000000008b300000, 0x000000008b400000, 0x000000008b400000|100%| E|CS|TAMS 0x000000008b300000, 0x000000008b300000| Complete 
| 180|0x000000008b400000, 0x000000008b500000, 0x000000008b500000|100%| E|CS|TAMS 0x000000008b400000, 0x000000008b400000| Complete 
| 181|0x000000008b500000, 0x000000008b600000, 0x000000008b600000|100%| E|CS|TAMS 0x000000008b500000, 0x000000008b500000| Complete 
| 182|0x000000008b600000, 0x000000008b700000, 0x000000008b700000|100%| E|CS|TAMS 0x000000008b600000, 0x000000008b600000| Complete 
| 183|0x000000008b700000, 0x000000008b800000, 0x000000008b800000|100%| E|CS|TAMS 0x000000008b700000, 0x000000008b700000| Complete 
| 184|0x000000008b800000, 0x000000008b900000, 0x000000008b900000|100%| E|CS|TAMS 0x000000008b800000, 0x000000008b800000| Complete 
| 185|0x000000008b900000, 0x000000008ba00000, 0x000000008ba00000|100%| E|CS|TAMS 0x000000008b900000, 0x000000008b900000| Complete 
| 186|0x000000008ba00000, 0x000000008bb00000, 0x000000008bb00000|100%| E|CS|TAMS 0x000000008ba00000, 0x000000008ba00000| Complete 
| 187|0x000000008bb00000, 0x000000008bc00000, 0x000000008bc00000|100%| E|CS|TAMS 0x000000008bb00000, 0x000000008bb00000| Complete 
| 188|0x000000008bc00000, 0x000000008bd00000, 0x000000008bd00000|100%| E|CS|TAMS 0x000000008bc00000, 0x000000008bc00000| Complete 
| 189|0x000000008bd00000, 0x000000008be00000, 0x000000008be00000|100%| E|CS|TAMS 0x000000008bd00000, 0x000000008bd00000| Complete 
| 190|0x000000008be00000, 0x000000008bf00000, 0x000000008bf00000|100%| E|CS|TAMS 0x000000008be00000, 0x000000008be00000| Complete 
| 191|0x000000008bf00000, 0x000000008c000000, 0x000000008c000000|100%| E|CS|TAMS 0x000000008bf00000, 0x000000008bf00000| Complete 

Card table byte_map: [0x0000016315d20000,0x0000016316120000] _byte_map_base: 0x0000016315920000

Marking Bits (Prev, Next): (CMBitMap*) 0x0000016302e62a68, (CMBitMap*) 0x0000016302e62aa0
 Prev Bits: [0x0000016316520000, 0x0000016318520000)
 Next Bits: [0x0000016318520000, 0x000001631a520000)

Polling page: 0x0000016300ba0000

Metaspace:

Usage:
  Non-class:     36.15 MB capacity,    35.60 MB ( 98%) used,   467.98 KB (  1%) free+waste,    97.38 KB ( <1%) overhead. 
      Class:      5.61 MB capacity,     5.24 MB ( 93%) used,   327.75 KB (  6%) free+waste,    46.56 KB ( <1%) overhead. 
       Both:     41.76 MB capacity,    40.84 MB ( 98%) used,   795.73 KB (  2%) free+waste,   143.94 KB ( <1%) overhead. 

Virtual space:
  Non-class space:       38.00 MB reserved,      36.25 MB ( 95%) committed 
      Class space:        1.00 GB reserved,       5.70 MB ( <1%) committed 
             Both:        1.04 GB reserved,      41.95 MB (  4%) committed 

Chunk freelists:
   Non-Class:  41.00 KB
       Class:  16.00 KB
        Both:  57.00 KB

MaxMetaspaceSize: 17179869184.00 GB
CompressedClassSpaceSize: 1.00 GB
Initial GC threshold: 20.80 MB
Current GC threshold: 58.88 MB
CDS: off

CodeHeap 'non-profiled nmethods': size=120064Kb used=2002Kb max_used=2002Kb free=118061Kb
 bounds [0x000001630e3e0000, 0x000001630e650000, 0x0000016315920000]
CodeHeap 'profiled nmethods': size=120000Kb used=7946Kb max_used=7946Kb free=112054Kb
 bounds [0x0000016306eb0000, 0x0000016307680000, 0x000001630e3e0000]
CodeHeap 'non-nmethods': size=5696Kb used=2277Kb max_used=2345Kb free=3418Kb
 bounds [0x0000016306920000, 0x0000016306b90000, 0x0000016306eb0000]
 total_blobs=4445 nmethods=3680 adapters=677
 compilation: enabled
              stopped_count=0, restarted_count=0
 full_count=0

Compilation events (20 events):
Event: 15.359 Thread 0x000001631d2d6800 3655       3       com.google.common.collect.Hashing::closedTableSize (37 bytes)
Event: 15.359 Thread 0x000001631d2d6800 nmethod 3655 0x0000016307663110 code [0x00000163076632e0, 0x00000163076635e8]
Event: 15.359 Thread 0x000001631d2d6800 3656       3       com.google.common.collect.AbstractMapBasedMultimap$WrappedCollection$WrappedIterator::validateIterator (30 bytes)
Event: 15.360 Thread 0x000001631d2d6800 nmethod 3656 0x0000016307663710 code [0x00000163076638e0, 0x0000016307663bb8]
Event: 15.360 Thread 0x000001631d2d6800 3657       3       com.google.common.collect.LinkedHashMultimap$ValueSet$1::hasNext (21 bytes)
Event: 15.362 Thread 0x000001631d2d6800 nmethod 3657 0x0000016307663d10 code [0x0000016307663ee0, 0x00000163076641c8]
Event: 15.362 Thread 0x000001631d2ce000 nmethod 3645 0x000001630e5cee90 code [0x000001630e5cf060, 0x000001630e5cf418]
Event: 15.362 Thread 0x000001631d2ce000 3652       4       org.objectweb.asm.Frame::execute (2318 bytes)
Event: 15.444 Thread 0x000001631d2d6800 3659       3       org.gradle.internal.logging.slf4j.OutputEventListenerBackedLogger::isLevelAtMost (20 bytes)
Event: 15.444 Thread 0x000001631d2d6800 nmethod 3659 0x0000016307664310 code [0x00000163076644e0, 0x0000016307664808]
Event: 15.451 Thread 0x000001631d2d6800 3660       3       java.util.HashMap::removeNode (291 bytes)
Event: 15.453 Thread 0x000001631d2d6800 nmethod 3660 0x0000016307664990 code [0x0000016307664c20, 0x0000016307665e98]
Event: 15.453 Thread 0x000001631d2d6800 3661       3       java.lang.String::indexOf (18 bytes)
Event: 15.454 Thread 0x000001631d2d6800 nmethod 3661 0x0000016307666310 code [0x00000163076664e0, 0x00000163076667a8]
Event: 15.454 Thread 0x000001631d2d6800 3662       3       java.lang.String::indexOf (113 bytes)
Event: 15.455 Thread 0x000001631d2d6800 nmethod 3662 0x0000016307666910 code [0x0000016307666ba0, 0x00000163076675c8]
Event: 15.455 Thread 0x000001631d2d6800 3663       3       java.util.regex.Pattern::compile (10 bytes)
Event: 15.455 Thread 0x000001631d2d6800 nmethod 3663 0x0000016307667a10 code [0x0000016307667bc0, 0x0000016307667d48]
Event: 15.456 Thread 0x000001631d2d6800 3665       3       java.net.URL::openConnection (9 bytes)
Event: 15.456 Thread 0x000001631d2d6800 nmethod 3665 0x0000016307667e10 code [0x0000016307667fc0, 0x0000016307668188]

GC Heap History (14 events):
Event: 1.018 GC heap before
{Heap before GC invocations=0 (full 0):
 garbage-first heap   total 196608K, used 17408K [0x0000000080000000, 0x0000000100000000)
  region size 1024K, 14 young (14336K), 0 survivors (0K)
 Metaspace       used 6778K, capacity 6989K, committed 7168K, reserved 1056768K
  class space    used 584K, capacity 650K, committed 768K, reserved 1048576K
}
Event: 1.025 GC heap after
{Heap after GC invocations=1 (full 0):
 garbage-first heap   total 196608K, used 4298K [0x0000000080000000, 0x0000000100000000)
  region size 1024K, 2 young (2048K), 2 survivors (2048K)
 Metaspace       used 6778K, capacity 6989K, committed 7168K, reserved 1056768K
  class space    used 584K, capacity 650K, committed 768K, reserved 1048576K
}
Event: 1.660 GC heap before
{Heap before GC invocations=1 (full 0):
 garbage-first heap   total 196608K, used 19658K [0x0000000080000000, 0x0000000100000000)
  region size 1024K, 14 young (14336K), 2 survivors (2048K)
 Metaspace       used 9914K, capacity 10118K, committed 10368K, reserved 1058816K
  class space    used 1029K, capacity 1102K, committed 1152K, reserved 1048576K
}
Event: 1.666 GC heap after
{Heap after GC invocations=2 (full 0):
 garbage-first heap   total 196608K, used 9435K [0x0000000080000000, 0x0000000100000000)
  region size 1024K, 2 young (2048K), 2 survivors (2048K)
 Metaspace       used 9914K, capacity 10118K, committed 10368K, reserved 1058816K
  class space    used 1029K, capacity 1102K, committed 1152K, reserved 1048576K
}
Event: 3.236 GC heap before
{Heap before GC invocations=2 (full 0):
 garbage-first heap   total 196608K, used 38107K [0x0000000080000000, 0x0000000100000000)
  region size 1024K, 30 young (30720K), 2 survivors (2048K)
 Metaspace       used 10900K, capacity 11073K, committed 11264K, reserved 1058816K
  class space    used 1132K, capacity 1207K, committed 1280K, reserved 1048576K
}
Event: 3.240 GC heap after
{Heap after GC invocations=3 (full 0):
 garbage-first heap   total 196608K, used 11966K [0x0000000080000000, 0x0000000100000000)
  region size 1024K, 4 young (4096K), 4 survivors (4096K)
 Metaspace       used 10900K, capacity 11073K, committed 11264K, reserved 1058816K
  class space    used 1132K, capacity 1207K, committed 1280K, reserved 1048576K
}
Event: 6.338 GC heap before
{Heap before GC invocations=3 (full 0):
 garbage-first heap   total 196608K, used 54974K [0x0000000080000000, 0x0000000100000000)
  region size 1024K, 46 young (47104K), 4 survivors (4096K)
 Metaspace       used 17604K, capacity 18003K, committed 18176K, reserved 1064960K
  class space    used 2071K, capacity 2177K, committed 2304K, reserved 1048576K
}
Event: 6.355 GC heap after
{Heap after GC invocations=4 (full 0):
 garbage-first heap   total 196608K, used 15791K [0x0000000080000000, 0x0000000100000000)
  region size 1024K, 6 young (6144K), 6 survivors (6144K)
 Metaspace       used 17604K, capacity 18003K, committed 18176K, reserved 1064960K
  class space    used 2071K, capacity 2177K, committed 2304K, reserved 1048576K
}
Event: 7.779 GC heap before
{Heap before GC invocations=4 (full 0):
 garbage-first heap   total 196608K, used 44463K [0x0000000080000000, 0x0000000100000000)
  region size 1024K, 35 young (35840K), 6 survivors (6144K)
 Metaspace       used 20713K, capacity 21135K, committed 21248K, reserved 1067008K
  class space    used 2542K, capacity 2710K, committed 2816K, reserved 1048576K
}
Event: 7.790 GC heap after
{Heap after GC invocations=5 (full 0):
 garbage-first heap   total 196608K, used 17146K [0x0000000080000000, 0x0000000100000000)
  region size 1024K, 6 young (6144K), 6 survivors (6144K)
 Metaspace       used 20713K, capacity 21135K, committed 21248K, reserved 1067008K
  class space    used 2542K, capacity 2710K, committed 2816K, reserved 1048576K
}
Event: 10.721 GC heap before
{Heap before GC invocations=6 (full 0):
 garbage-first heap   total 196608K, used 70394K [0x0000000080000000, 0x0000000100000000)
  region size 1024K, 59 young (60416K), 6 survivors (6144K)
 Metaspace       used 26700K, capacity 27269K, committed 27520K, reserved 1073152K
  class space    used 3477K, capacity 3701K, committed 3712K, reserved 1048576K
}
Event: 10.734 GC heap after
{Heap after GC invocations=7 (full 0):
 garbage-first heap   total 196608K, used 19325K [0x0000000080000000, 0x0000000100000000)
  region size 1024K, 4 young (4096K), 4 survivors (4096K)
 Metaspace       used 26700K, capacity 27269K, committed 27520K, reserved 1073152K
  class space    used 3477K, capacity 3701K, committed 3712K, reserved 1048576K
}
Event: 12.669 GC heap before
{Heap before GC invocations=7 (full 0):
 garbage-first heap   total 196608K, used 74621K [0x0000000080000000, 0x0000000100000000)
  region size 1024K, 59 young (60416K), 4 survivors (4096K)
 Metaspace       used 34980K, capacity 35787K, committed 35840K, reserved 1081344K
  class space    used 4532K, capacity 4839K, committed 4864K, reserved 1048576K
}
Event: 12.692 GC heap after
{Heap after GC invocations=8 (full 0):
 garbage-first heap   total 196608K, used 22155K [0x0000000080000000, 0x0000000100000000)
  region size 1024K, 7 young (7168K), 7 survivors (7168K)
 Metaspace       used 34980K, capacity 35787K, committed 35840K, reserved 1081344K
  class space    used 4532K, capacity 4839K, committed 4864K, reserved 1048576K
}

Deoptimization events (20 events):
Event: 14.149 Thread 0x000001631e9e7800 DEOPT PACKING pc=0x000001630e5640cc sp=0x00000047809f7860
Event: 14.149 Thread 0x000001631e9e7800 DEOPT UNPACKING pc=0x000001630696a1af sp=0x00000047809f77a0 mode 2
Event: 14.169 Thread 0x000001631e9e7800 Uncommon trap: trap_request=0xffffffbe fr.pc=0x000001630e558c9c relative=0x0000000000003c7c
Event: 14.170 Thread 0x000001631e9e7800 Uncommon trap: reason=profile_predicate action=maybe_recompile pc=0x000001630e558c9c method=java.util.AbstractCollection.addAll(Ljava/util/Collection;)Z @ 15 c2
Event: 14.170 Thread 0x000001631e9e7800 DEOPT PACKING pc=0x000001630e558c9c sp=0x00000047809f97b0
Event: 14.170 Thread 0x000001631e9e7800 DEOPT UNPACKING pc=0x000001630696a1af sp=0x00000047809f97c8 mode 2
Event: 14.571 Thread 0x000001631e9e7800 Uncommon trap: trap_request=0xffffff4d fr.pc=0x000001630e597564 relative=0x0000000000005944
Event: 14.571 Thread 0x000001631e9e7800 Uncommon trap: reason=unstable_if action=reinterpret pc=0x000001630e597564 method=java.net.URLClassLoader.defineClass(Ljava/lang/String;Ljdk/internal/loader/Resource;)Ljava/lang/Class; @ 21 c2
Event: 14.571 Thread 0x000001631e9e7800 DEOPT PACKING pc=0x000001630e597564 sp=0x00000047809f64e0
Event: 14.571 Thread 0x000001631e9e7800 DEOPT UNPACKING pc=0x000001630696a1af sp=0x00000047809f6440 mode 2
Event: 14.642 Thread 0x000001631ea18000 Uncommon trap: trap_request=0xffffffbe fr.pc=0x000001630e567f30 relative=0x0000000000000530
Event: 14.642 Thread 0x000001631ea18000 Uncommon trap: reason=profile_predicate action=maybe_recompile pc=0x000001630e567f30 method=java.util.stream.ReferencePipeline.forEachWithCancel(Ljava/util/Spliterator;Ljava/util/stream/Sink;)Z @ 8 c2
Event: 14.642 Thread 0x000001631ea18000 DEOPT PACKING pc=0x000001630e567f30 sp=0x00000047800fe7a0
Event: 14.642 Thread 0x000001631ea18000 DEOPT UNPACKING pc=0x000001630696a1af sp=0x00000047800fe740 mode 2
Event: 14.941 Thread 0x000001631e9e7800 Uncommon trap: trap_request=0xffffff4d fr.pc=0x000001630e54e234 relative=0x0000000000000114
Event: 14.941 Thread 0x000001631e9e7800 Uncommon trap: reason=unstable_if action=reinterpret pc=0x000001630e54e234 method=java.util.Arrays.hashCode([Ljava/lang/Object;)I @ 34 c2
Event: 14.941 Thread 0x000001631e9e7800 DEOPT PACKING pc=0x000001630e54e234 sp=0x00000047809f92c0
Event: 14.941 Thread 0x000001631e9e7800 DEOPT UNPACKING pc=0x000001630696a1af sp=0x00000047809f9238 mode 2
Event: 15.413 Thread 0x000001631e9e7800 DEOPT PACKING pc=0x000001630738d4f9 sp=0x00000047809fb300
Event: 15.413 Thread 0x000001631e9e7800 DEOPT UNPACKING pc=0x000001630696a95e sp=0x00000047809fa7d0 mode 0

Classes redefined (0 events):
No events

Internal exceptions (20 events):
Event: 14.424 Thread 0x000001631e9e7800 Exception <a 'java/lang/ClassNotFoundException'{0x0000000088d52ea8}: org/gradle/api/internal/provider/AbstractMinimalProviderCustomizer> (0x0000000088d52ea8) thrown at [./src/hotspot/share/classfile/systemDictionary.cpp, line 231]
Event: 14.431 Thread 0x000001631e9e7800 Exception <a 'java/lang/ClassNotFoundException'{0x0000000088db4110}: org/gradle/api/internal/provider/AbstractPropertyCustomizer> (0x0000000088db4110) thrown at [./src/hotspot/share/classfile/systemDictionary.cpp, line 231]
Event: 14.433 Thread 0x000001631e9e7800 Exception <a 'java/lang/ClassNotFoundException'{0x0000000088de6ad0}: org/gradle/api/internal/provider/DefaultPropertyCustomizer> (0x0000000088de6ad0) thrown at [./src/hotspot/share/classfile/systemDictionary.cpp, line 231]
Event: 14.607 Thread 0x000001631e9e7800 Exception <a 'java/lang/ClassNotFoundException'{0x00000000883ccfe0}: org/gradle/api/internal/artifacts/dsl/DefaultRepositoryHandler_DecoratedBeanInfo> (0x00000000883ccfe0) thrown at [./src/hotspot/share/classfile/systemDictionary.cpp, line 231]
Event: 14.609 Thread 0x000001631e9e7800 Exception <a 'java/lang/ClassNotFoundException'{0x0000000088208170}: org/gradle/api/internal/artifacts/dsl/DefaultRepositoryHandlerBeanInfo> (0x0000000088208170) thrown at [./src/hotspot/share/classfile/systemDictionary.cpp, line 231]
Event: 14.611 Thread 0x000001631e9e7800 Exception <a 'java/lang/ClassNotFoundException'{0x0000000088245478}: org/gradle/api/internal/artifacts/DefaultArtifactRepositoryContainerBeanInfo> (0x0000000088245478) thrown at [./src/hotspot/share/classfile/systemDictionary.cpp, line 231]
Event: 14.612 Thread 0x000001631e9e7800 Exception <a 'java/lang/ClassNotFoundException'{0x00000000882709e0}: org/gradle/api/internal/DefaultNamedDomainObjectListBeanInfo> (0x00000000882709e0) thrown at [./src/hotspot/share/classfile/systemDictionary.cpp, line 231]
Event: 14.614 Thread 0x000001631e9e7800 Exception <a 'java/lang/ClassNotFoundException'{0x000000008829d5a0}: org/gradle/api/internal/DefaultNamedDomainObjectCollectionBeanInfo> (0x000000008829d5a0) thrown at [./src/hotspot/share/classfile/systemDictionary.cpp, line 231]
Event: 14.615 Thread 0x000001631e9e7800 Exception <a 'java/lang/ClassNotFoundException'{0x00000000882c8c38}: org/gradle/api/internal/DefaultDomainObjectCollectionBeanInfo> (0x00000000882c8c38) thrown at [./src/hotspot/share/classfile/systemDictionary.cpp, line 231]
Event: 14.615 Thread 0x000001631e9e7800 Exception <a 'java/lang/ClassNotFoundException'{0x00000000882cf118}: java/util/AbstractCollectionBeanInfo> (0x00000000882cf118) thrown at [./src/hotspot/share/classfile/systemDictionary.cpp, line 231]
Event: 14.615 Thread 0x000001631e9e7800 Exception <a 'java/lang/ClassNotFoundException'{0x00000000882d5898}: java/util/AbstractCollectionCustomizer> (0x00000000882d5898) thrown at [./src/hotspot/share/classfile/systemDictionary.cpp, line 231]
Event: 14.618 Thread 0x000001631e9e7800 Exception <a 'java/lang/ClassNotFoundException'{0x000000008810a658}: org/gradle/api/internal/DefaultDomainObjectCollectionCustomizer> (0x000000008810a658) thrown at [./src/hotspot/share/classfile/systemDictionary.cpp, line 231]
Event: 14.622 Thread 0x000001631e9e7800 Exception <a 'java/lang/ClassNotFoundException'{0x0000000088154448}: org/gradle/api/internal/DefaultNamedDomainObjectCollectionCustomizer> (0x0000000088154448) thrown at [./src/hotspot/share/classfile/systemDictionary.cpp, line 231]
Event: 14.632 Thread 0x000001631e9e7800 Exception <a 'java/lang/ClassNotFoundException'{0x00000000881cf910}: org/gradle/api/internal/DefaultNamedDomainObjectListCustomizer> (0x00000000881cf910) thrown at [./src/hotspot/share/classfile/systemDictionary.cpp, line 231]
Event: 14.639 Thread 0x000001631e9e7800 Exception <a 'java/lang/ClassNotFoundException'{0x0000000087d26cc0}: org/gradle/api/internal/artifacts/DefaultArtifactRepositoryContainerCustomizer> (0x0000000087d26cc0) thrown at [./src/hotspot/share/classfile/systemDictionary.cpp, line 231]
Event: 14.643 Thread 0x000001631e9e7800 Exception <a 'java/lang/ClassNotFoundException'{0x0000000087d72a70}: org/gradle/api/internal/artifacts/dsl/DefaultRepositoryHandlerCustomizer> (0x0000000087d72a70) thrown at [./src/hotspot/share/classfile/systemDictionary.cpp, line 231]
Event: 14.655 Thread 0x000001631e9e7800 Exception <a 'java/lang/ClassNotFoundException'{0x0000000087dd0be0}: org/gradle/api/internal/artifacts/dsl/DefaultRepositoryHandler_DecoratedCustomizer> (0x0000000087dd0be0) thrown at [./src/hotspot/share/classfile/systemDictionary.cpp, line 231]
Event: 14.934 Thread 0x000001631e9e7800 Exception <a 'java/lang/ClassNotFoundException'{0x00000000878ed7f8}: org/gradle/initialization/DefaultProjectDescriptorBeanInfo> (0x00000000878ed7f8) thrown at [./src/hotspot/share/classfile/systemDictionary.cpp, line 231]
Event: 14.935 Thread 0x000001631e9e7800 Exception <a 'java/lang/ClassNotFoundException'{0x0000000087713d58}: org/gradle/initialization/DefaultProjectDescriptorCustomizer> (0x0000000087713d58) thrown at [./src/hotspot/share/classfile/systemDictionary.cpp, line 231]
Event: 14.941 Thread 0x000001631e9e7800 Implicit null exception at 0x000001630e54e16f to 0x000001630e54e218

Events (20 events):
Event: 15.449 loading class org/gradle/initialization/NotifyingBuildLoader$3
Event: 15.449 loading class org/gradle/initialization/NotifyingBuildLoader$3 done
Event: 15.450 loading class org/gradle/initialization/NotifyingBuildLoader$3$1
Event: 15.450 loading class org/gradle/initialization/NotifyingBuildLoader$3$1 done
Event: 15.450 loading class org/gradle/initialization/NotifyProjectsLoadedBuildOperationType$Details
Event: 15.450 loading class org/gradle/initialization/NotifyProjectsLoadedBuildOperationType$Details done
Event: 15.451 loading class java/util/ArrayList$ListItr
Event: 15.451 loading class java/util/ArrayList$ListItr done
Event: 15.451 Executing VM operation: Deoptimize
Event: 15.451 Executing VM operation: Deoptimize done
Event: 15.452 loading class org/gradle/configuration/project/ConfigureActionsProjectEvaluator
Event: 15.452 loading class org/gradle/configuration/project/ConfigureActionsProjectEvaluator done
Event: 15.454 loading class org/gradle/api/plugins/internal/HelpTasksAutoApplyAction
Event: 15.454 loading class org/gradle/api/plugins/internal/HelpTasksAutoApplyAction done
Event: 15.455 loading class org/gradle/jvm/toolchain/internal/task/ShowToolchainsTaskConfigurator
Event: 15.455 loading class org/gradle/jvm/toolchain/internal/task/ShowToolchainsTaskConfigurator done
Event: 15.456 loading class org/gradle/kotlin/dsl/tooling/builders/KotlinScriptingModelBuildersRegistrationAction
Event: 15.456 loading class org/gradle/kotlin/dsl/tooling/builders/KotlinScriptingModelBuildersRegistrationAction done
Event: 15.496 loading class org/gradle/buildinit/plugins/internal/action/BuildInitAutoApplyAction
Event: 15.496 loading class org/gradle/buildinit/plugins/internal/action/BuildInitAutoApplyAction done


Dynamic libraries:
0x00007ff73d7b0000 - 0x00007ff73d7ba000 	C:\Program Files\Android\Android Studio1\jre\bin\java.exe
0x00007ffa83220000 - 0x00007ffa83410000 	C:\WINDOWS\SYSTEM32\ntdll.dll
0x00007ffa82090000 - 0x00007ffa82142000 	C:\WINDOWS\System32\KERNEL32.DLL
0x00007ffa80730000 - 0x00007ffa809d5000 	C:\WINDOWS\System32\KERNELBASE.dll
0x00007ffa80330000 - 0x00007ffa8042a000 	C:\WINDOWS\System32\ucrtbase.dll
0x00007ffa66b00000 - 0x00007ffa66b17000 	C:\Program Files\Android\Android Studio1\jre\bin\VCRUNTIME140.dll
0x00007ffa60430000 - 0x00007ffa60449000 	C:\Program Files\Android\Android Studio1\jre\bin\jli.dll
0x00007ffa82790000 - 0x00007ffa82924000 	C:\WINDOWS\System32\USER32.dll
0x00007ffa81220000 - 0x00007ffa81241000 	C:\WINDOWS\System32\win32u.dll
0x00007ffa6ed30000 - 0x00007ffa6efb4000 	C:\WINDOWS\WinSxS\amd64_microsoft.windows.common-controls_6595b64144ccf1df_6.0.18362.1256_none_9e7e379be45e40e2\COMCTL32.dll
0x00007ffa826f0000 - 0x00007ffa82716000 	C:\WINDOWS\System32\GDI32.dll
0x00007ffa82150000 - 0x00007ffa821ee000 	C:\WINDOWS\System32\msvcrt.dll
0x00007ffa80190000 - 0x00007ffa80326000 	C:\WINDOWS\System32\gdi32full.dll
0x00007ffa80540000 - 0x00007ffa805de000 	C:\WINDOWS\System32\msvcp_win.dll
0x00007ffa82bd0000 - 0x00007ffa82f06000 	C:\WINDOWS\System32\combase.dll
0x00007ffa812d0000 - 0x00007ffa813f0000 	C:\WINDOWS\System32\RPCRT4.dll
0x00007ffa80430000 - 0x00007ffa804b1000 	C:\WINDOWS\System32\bcryptPrimitives.dll
0x00007ffa82ae0000 - 0x00007ffa82b0e000 	C:\WINDOWS\System32\IMM32.DLL
0x00007ffa57c70000 - 0x00007ffa57d0d000 	C:\Program Files\Android\Android Studio1\jre\bin\msvcp140.dll
0x00007ffa4b190000 - 0x00007ffa4bc75000 	C:\Program Files\Android\Android Studio1\jre\bin\server\jvm.dll
0x00007ffa82570000 - 0x00007ffa82613000 	C:\WINDOWS\System32\ADVAPI32.dll
0x00007ffa82b10000 - 0x00007ffa82ba7000 	C:\WINDOWS\System32\sechost.dll
0x00007ffa82780000 - 0x00007ffa82788000 	C:\WINDOWS\System32\PSAPI.DLL
0x00007ffa7dc80000 - 0x00007ffa7dca4000 	C:\WINDOWS\SYSTEM32\WINMM.dll
0x00007ffa6e420000 - 0x00007ffa6e429000 	C:\WINDOWS\SYSTEM32\WSOCK32.dll
0x00007ffa830c0000 - 0x00007ffa8312f000 	C:\WINDOWS\System32\WS2_32.dll
0x00007ffa758b0000 - 0x00007ffa758ba000 	C:\WINDOWS\SYSTEM32\VERSION.dll
0x00007ffa7dc50000 - 0x00007ffa7dc7d000 	C:\WINDOWS\SYSTEM32\WINMMBASE.dll
0x00007ffa81250000 - 0x00007ffa8129a000 	C:\WINDOWS\System32\cfgmgr32.dll
0x00007ffa800f0000 - 0x00007ffa80101000 	C:\WINDOWS\System32\kernel.appcore.dll
0x00007ffa6ff60000 - 0x00007ffa6ff71000 	C:\Program Files\Android\Android Studio1\jre\bin\verify.dll
0x00007ffa6dd10000 - 0x00007ffa6df04000 	C:\WINDOWS\SYSTEM32\DBGHELP.DLL
0x00007ffa6dce0000 - 0x00007ffa6dd0a000 	C:\WINDOWS\SYSTEM32\dbgcore.DLL
0x00007ffa6ce30000 - 0x00007ffa6ce59000 	C:\Program Files\Android\Android Studio1\jre\bin\java.dll
0x00007ffa7b7b0000 - 0x00007ffa7b7bb000 	C:\Program Files\Android\Android Studio1\jre\bin\jimage.dll
0x00007ffa6ce10000 - 0x00007ffa6ce28000 	C:\Program Files\Android\Android Studio1\jre\bin\zip.dll
0x00007ffa813f0000 - 0x00007ffa81ad7000 	C:\WINDOWS\System32\SHELL32.dll
0x00007ffa82200000 - 0x00007ffa822a9000 	C:\WINDOWS\System32\shcore.dll
0x00007ffa80a90000 - 0x00007ffa81211000 	C:\WINDOWS\System32\windows.storage.dll
0x00007ffa80110000 - 0x00007ffa80133000 	C:\WINDOWS\System32\profapi.dll
0x00007ffa80140000 - 0x00007ffa8018a000 	C:\WINDOWS\System32\powrprof.dll
0x00007ffa800c0000 - 0x00007ffa800d0000 	C:\WINDOWS\System32\UMPDC.dll
0x00007ffa82410000 - 0x00007ffa82462000 	C:\WINDOWS\System32\shlwapi.dll
0x00007ffa80520000 - 0x00007ffa80537000 	C:\WINDOWS\System32\cryptsp.dll
0x00007ffa6bd20000 - 0x00007ffa6bd3a000 	C:\Program Files\Android\Android Studio1\jre\bin\net.dll
0x00007ffa76560000 - 0x00007ffa76650000 	C:\WINDOWS\SYSTEM32\WINHTTP.dll
0x00007ffa7f8b0000 - 0x00007ffa7f917000 	C:\WINDOWS\system32\mswsock.dll
0x00007ffa698e0000 - 0x00007ffa698f4000 	C:\Program Files\Android\Android Studio1\jre\bin\nio.dll
0x00007ffa68670000 - 0x00007ffa68697000 	C:\Users\Francis pc\.gradle\native\e1d6ef7f7dcc3fd88c89a11ec53ec762bb8ba0a96d01ffa2cd45eb1d1d8dd5c5\windows-amd64\native-platform.dll
0x00007ffa56d00000 - 0x00007ffa56e44000 	C:\Users\Francis pc\.gradle\native\5664cfc778a61ccfe75a443a1ab52a65af34e5dc3c78e0209fed803814484fcb\windows-amd64\native-platform-file-events.dll
0x00007ffa7a960000 - 0x00007ffa7a96a000 	C:\Program Files\Android\Android Studio1\jre\bin\management.dll
0x00007ffa78290000 - 0x00007ffa7829d000 	C:\Program Files\Android\Android Studio1\jre\bin\management_ext.dll
0x00007ffa7f420000 - 0x00007ffa7f453000 	C:\WINDOWS\system32\rsaenh.dll
0x00007ffa812a0000 - 0x00007ffa812c6000 	C:\WINDOWS\System32\bcrypt.dll
0x00007ffa7ffa0000 - 0x00007ffa7ffc5000 	C:\WINDOWS\SYSTEM32\USERENV.dll
0x00007ffa7fa80000 - 0x00007ffa7fa8c000 	C:\WINDOWS\SYSTEM32\CRYPTBASE.dll
0x00007ffa7f5c0000 - 0x00007ffa7f5fa000 	C:\WINDOWS\SYSTEM32\IPHLPAPI.DLL
0x00007ffa82560000 - 0x00007ffa82568000 	C:\WINDOWS\System32\NSI.dll
0x00007ffa771a0000 - 0x00007ffa771b6000 	C:\WINDOWS\SYSTEM32\dhcpcsvc6.DLL
0x00007ffa77290000 - 0x00007ffa772ac000 	C:\WINDOWS\SYSTEM32\dhcpcsvc.DLL
0x00007ffa7f600000 - 0x00007ffa7f6cb000 	C:\WINDOWS\SYSTEM32\DNSAPI.dll

dbghelp: loaded successfully - version: 4.0.5 - missing functions: none
symbol engine: initialized successfully - sym options: 0x614 - pdb path: .;C:\Program Files\Android\Android Studio1\jre\bin;C:\WINDOWS\SYSTEM32;C:\WINDOWS\WinSxS\amd64_microsoft.windows.common-controls_6595b64144ccf1df_6.0.18362.1256_none_9e7e379be45e40e2;C:\Program Files\Android\Android Studio1\jre\bin\server;C:\Users\Francis pc\.gradle\native\e1d6ef7f7dcc3fd88c89a11ec53ec762bb8ba0a96d01ffa2cd45eb1d1d8dd5c5\windows-amd64;C:\Users\Francis pc\.gradle\native\5664cfc778a61ccfe75a443a1ab52a65af34e5dc3c78e0209fed803814484fcb\windows-amd64

VM Arguments:
jvm_args: --add-opens=java.base/java.util=ALL-UNNAMED --add-opens=java.base/java.lang=ALL-UNNAMED --add-opens=java.base/java.lang.invoke=ALL-UNNAMED --add-opens=java.base/java.util=ALL-UNNAMED --add-opens=java.prefs/java.util.prefs=ALL-UNNAMED --add-opens=java.prefs/java.util.prefs=ALL-UNNAMED --add-opens=java.base/java.nio.charset=ALL-UNNAMED --add-opens=java.base/java.net=ALL-UNNAMED --add-opens=java.base/java.util.concurrent.atomic=ALL-UNNAMED -Xmx2048m -Dfile.encoding=UTF-8 -Duser.country=US -Duser.language=en -Duser.variant 
java_command: org.gradle.launcher.daemon.bootstrap.GradleDaemon 7.3.3
java_class_path (initial): C:\Users\Francis pc\.gradle\wrapper\dists\gradle-7.3.3-bin\6a41zxkdtcxs8rphpq6y0069z\gradle-7.3.3\lib\gradle-launcher-7.3.3.jar
Launcher Type: SUN_STANDARD

[Global flags]
     intx CICompilerCount                          = 3                                         {product} {ergonomic}
     uint ConcGCThreads                            = 1                                         {product} {ergonomic}
     uint G1ConcRefinementThreads                  = 4                                         {product} {ergonomic}
   size_t G1HeapRegionSize                         = 1048576                                   {product} {ergonomic}
    uintx GCDrainStackTargetSize                   = 64                                        {product} {ergonomic}
   size_t InitialHeapSize                          = 201326592                                 {product} {ergonomic}
   size_t MarkStackSize                            = 4194304                                   {product} {ergonomic}
   size_t MaxHeapSize                              = 2147483648                                {product} {command line}
   size_t MaxNewSize                               = 1287651328                                {product} {ergonomic}
   size_t MinHeapDeltaBytes                        = 1048576                                   {product} {ergonomic}
    uintx NonNMethodCodeHeapSize                   = 5830732                                {pd product} {ergonomic}
    uintx NonProfiledCodeHeapSize                  = 122913754                              {pd product} {ergonomic}
    uintx ProfiledCodeHeapSize                     = 122913754                              {pd product} {ergonomic}
    uintx ReservedCodeCacheSize                    = 251658240                              {pd product} {ergonomic}
     bool SegmentedCodeCache                       = true                                      {product} {ergonomic}
     bool UseCompressedClassPointers               = true                                 {lp64_product} {ergonomic}
     bool UseCompressedOops                        = true                                 {lp64_product} {ergonomic}
     bool UseG1GC                                  = true                                      {product} {ergonomic}
     bool UseLargePagesIndividualAllocation        = false                                  {pd product} {ergonomic}

Logging:
Log output configuration:
 #0: stdout all=warning uptime,level,tags
 #1: stderr all=off uptime,level,tags

Environment Variables:
PATH=C:\Program Files (x86)\Common Files\Oracle\Java\javapath;C:\ProgramData\Oracle\Java\javapath;C:\WINDOWS\system32;C:\WINDOWS;C:\WINDOWS\System32\Wbem;C:\WINDOWS\System32\WindowsPowerShell\v1.0\;C:\WINDOWS\System32\OpenSSH\;C:\Python27;C:\Program Files\PuTTY\;C:\Program Files\dotnet\;C:\Program Files\MongoDB\Server\4.2\bin;C:\Python27\Scripts\;C:\Program Files (x86)\Yarn\bin\;C:\Program Files\Microsoft SQL Server\130\Tools\Binn\;C:\Program Files\Microsoft SQL Server\Client SDK\ODBC\170\Tools\Binn\;C:\Program Files (x86)\Microsoft SQL Server\150\Tools\Binn\;C:\Program Files\Microsoft SQL Server\150\Tools\Binn\;C:\Program Files\Microsoft SQL Server\150\DTS\Binn\;C:\Program Files (x86)\Microsoft SQL Server\150\DTS\Binn\;C:\Program Files\Microsoft\Web Platform Installer\;C:\Program Files\Git\cmd;C:\Program Files\nodejs\;C:\opencv\opencv\build\x64\vc15\bin;C:\Users\Francis pc\AppData\Local\Microsoft\WindowsApps;C:\Users\Francis pc\AppData\Local\Programs\Microsoft VS Code\bin;C:\Program Files\heroku\bin;C:\Users\Francis pc\AppData\Local\Yarn\bin;C:\Users\Francis pc\.dotnet\tools;C:\Users\Francis pc\AppData\Roaming\npm;E:\Mark\flutter_windows_v0.6.0-beta\flutter\bin;C:\Users\Francis pc\AppData\Local\GitHubDesktop\bin
USERNAME=Francis pc
OS=Windows_NT
PROCESSOR_IDENTIFIER=Intel64 Family 6 Model 61 Stepping 4, GenuineIntel



---------------  S Y S T E M  ---------------

OS: Windows 10 , 64 bit Build 18362 (10.0.18362.1110)
OS uptime: 4 days 13:33 hours

CPU:total 4 (initial active 4) (2 cores per cpu, 2 threads per core) family 6 model 61 stepping 4 microcode 0x2b, cmov, cx8, fxsr, mmx, sse, sse2, sse3, ssse3, sse4.1, sse4.2, popcnt, avx, avx2, aes, clmul, erms, 3dnowpref, lzcnt, ht, tsc, tscinvbit, bmi1, bmi2, adx, fma

Memory: 4k page, system-wide physical 12208M (4293M free)
TotalPageFile size 43461M (AvailPageFile size 3M)
current process WorkingSet (physical memory assigned to process): 261M, peak: 261M
current process commit charge ("private bytes"): 375M, peak: 376M

vm_info: OpenJDK 64-Bit Server VM (11.0.12+7-b1504.28-7817840) for windows-amd64 JRE (11.0.12+7-b1504.28-7817840), built on Oct 13 2021 22:12:33 by "builder" with MS VC++ 14.0 (VS2015)

END.
