#
# There is insufficient memory for the Java Runtime Environment to continue.
# Native memory allocation (malloc) failed to allocate 524288 bytes for AllocateHeap
# Possible reasons:
#   The system is out of physical RAM or swap space
#   The process is running with CompressedOops enabled, and the Java Heap may be blocking the growth of the native heap
# Possible solutions:
#   Reduce memory load on the system
#   Increase physical memory or swap space
#   Check if swap backing store is full
#   Decrease Java heap size (-Xmx/-Xms)
#   Decrease number of Java threads
#   Decrease Java thread stack sizes (-Xss)
#   Set larger code cache with -XX:ReservedCodeCacheSize=
#   JVM is running with Zero Based Compressed Oops mode in which the Java heap is
#     placed in the first 32GB address space. The Java Heap base address is the
#     maximum limit for the native heap growth. Please use -XX:HeapBaseMinAddress
#     to set the Java Heap base and to place the Java Heap above 32GB virtual address.
# This output file may be truncated or incomplete.
#
#  Out of Memory Error (./src/hotspot/share/memory/allocation.cpp:46), pid=13224, tid=18552
#
# JRE version:  (11.0.10) (build )
# Java VM: OpenJDK 64-Bit Server VM (11.0.10+0-b96-7249189, mixed mode, tiered, compressed oops, g1 gc, windows-amd64)
# No core dump will be written. Minidumps are not enabled by default on client versions of Windows
#

---------------  S U M M A R Y ------------

Command Line: org.jetbrains.git4idea.http.GitAskPassApp Username for 'https://github.com': 

Host: Intel(R) Core(TM) i3-5005U CPU @ 2.00GHz, 4 cores, 11G,  Windows 10 , 64 bit Build 18362 (10.0.18362.1110)
Time: Fri Aug 12 03:15:16 2022 E. Africa Standard Time elapsed time: 0.017824 seconds (0d 0h 0m 0s)

---------------  T H R E A D  ---------------

Current thread (0x000002006edfe000):  JavaThread "Unknown thread" [_thread_in_vm, id=18552, stack(0x000000eecdf00000,0x000000eece000000)]

Stack: [0x000000eecdf00000,0x000000eece000000]
Native frames: (J=compiled Java code, j=interpreted, Vv=VM code, C=native code)
V  [jvm.dll+0x5ecfaa]
V  [jvm.dll+0x722bd5]
V  [jvm.dll+0x72412d]
V  [jvm.dll+0x7247e3]
V  [jvm.dll+0x242928]
V  [jvm.dll+0xb39a4]
V  [jvm.dll+0x67c88f]
V  [jvm.dll+0x67c827]
V  [jvm.dll+0x67c9aa]
V  [jvm.dll+0x700c62]
V  [jvm.dll+0x703087]
V  [jvm.dll+0x3587d9]
V  [jvm.dll+0x6e4fae]
V  [jvm.dll+0x3c0be3]
V  [jvm.dll+0x3c2e91]
C  [jli.dll+0x5373]
C  [ucrtbase.dll+0x210b2]
C  [KERNEL32.DLL+0x17c24]
C  [ntdll.dll+0x6d4d1]


---------------  P R O C E S S  ---------------

Threads class SMR info:
_java_thread_list=0x000002006cd583c0, length=0, elements={
}

Java Threads: ( => current thread )

Other Threads:
  0x000002006ee18000 GCTaskThread "GC Thread#0" [stack: 0x000000eece000000,0x000000eece100000] [id=2740]
  0x000002006ee5e800 ConcurrentGCThread "G1 Main Marker" [stack: 0x000000eece100000,0x000000eece200000] [id=9856]
  0x000002006ee60000 ConcurrentGCThread "G1 Conc#0" [stack: 0x000000eece200000,0x000000eece300000] [id=19464]
  0x000002007bdee800 ConcurrentGCThread "G1 Refine#0" [stack: 0x000000eece300000,0x000000eece400000] [id=14144]
  0x000002007bdef800 ConcurrentGCThread "G1 Young RemSet Sampling" [stack: 0x000000eece400000,0x000000eece500000] [id=19616]

=>0x000002006edfe000 (exited) JavaThread "Unknown thread" [_thread_in_vm, id=18552, stack(0x000000eecdf00000,0x000000eece000000)]

Threads with active compile tasks:

VM state:not at safepoint (not fully initialized)

VM Mutex/Monitor currently owned by a thread: None

Heap address: 0x0000000741200000, size: 3054 MB, Compressed Oops mode: Zero based, Oop shift amount: 3
Narrow klass base: 0x0000000800000000, Narrow klass shift: 0
Compressed class space size: 1073741824 Address: 0x0000000800000000

GC Heap History (0 events):
No events

Deoptimization events (0 events):
No events

Classes redefined (0 events):
No events

Internal exceptions (0 events):
No events

Events (1 events):
Event: 0.007 Loaded shared library C:\Program Files\Android\Android Studio1\jre\bin\zip.dll


Dynamic libraries:
0x00007ff7da140000 - 0x00007ff7da14a000 	C:\Program Files\Android\Android Studio1\jre\bin\java.exe
0x00007ffeebf20000 - 0x00007ffeec110000 	C:\WINDOWS\SYSTEM32\ntdll.dll
0x00007ffeea030000 - 0x00007ffeea0e2000 	C:\WINDOWS\System32\KERNEL32.DLL
0x00007ffee9c60000 - 0x00007ffee9f05000 	C:\WINDOWS\System32\KERNELBASE.dll
0x00007ffee8e90000 - 0x00007ffee8f8a000 	C:\WINDOWS\System32\ucrtbase.dll
0x00007ffedddd0000 - 0x00007ffeddde7000 	C:\Program Files\Android\Android Studio1\jre\bin\VCRUNTIME140.dll
0x00007ffeddcd0000 - 0x00007ffeddce9000 	C:\Program Files\Android\Android Studio1\jre\bin\jli.dll
0x00007ffeea3c0000 - 0x00007ffeea554000 	C:\WINDOWS\System32\USER32.dll
0x00007ffee8fb0000 - 0x00007ffee8fd1000 	C:\WINDOWS\System32\win32u.dll
0x00007ffed23c0000 - 0x00007ffed2644000 	C:\WINDOWS\WinSxS\amd64_microsoft.windows.common-controls_6595b64144ccf1df_6.0.18362.1256_none_9e7e379be45e40e2\COMCTL32.dll
0x00007ffeeae30000 - 0x00007ffeeaece000 	C:\WINDOWS\System32\msvcrt.dll
0x00007ffeea560000 - 0x00007ffeea586000 	C:\WINDOWS\System32\GDI32.dll
0x00007ffee91d0000 - 0x00007ffee9366000 	C:\WINDOWS\System32\gdi32full.dll
0x00007ffeeb950000 - 0x00007ffeebc86000 	C:\WINDOWS\System32\combase.dll
0x00007ffee9130000 - 0x00007ffee91ce000 	C:\WINDOWS\System32\msvcp_win.dll
0x00007ffeea0f0000 - 0x00007ffeea210000 	C:\WINDOWS\System32\RPCRT4.dll
0x00007ffee9f40000 - 0x00007ffee9fc1000 	C:\WINDOWS\System32\bcryptPrimitives.dll
0x00007ffeea590000 - 0x00007ffeea5be000 	C:\WINDOWS\System32\IMM32.DLL
0x00007ffecb9d0000 - 0x00007ffecba6d000 	C:\Program Files\Android\Android Studio1\jre\bin\msvcp140.dll
0x00007ffe98270000 - 0x00007ffe98d3f000 	C:\Program Files\Android\Android Studio1\jre\bin\server\jvm.dll
0x00007ffeeb580000 - 0x00007ffeeb623000 	C:\WINDOWS\System32\ADVAPI32.dll
0x00007ffeebde0000 - 0x00007ffeebe77000 	C:\WINDOWS\System32\sechost.dll
0x00007ffeeb770000 - 0x00007ffeeb778000 	C:\WINDOWS\System32\PSAPI.DLL
0x00007ffed20a0000 - 0x00007ffed20a9000 	C:\WINDOWS\SYSTEM32\WSOCK32.dll
0x00007ffee6640000 - 0x00007ffee6664000 	C:\WINDOWS\SYSTEM32\WINMM.dll
0x00007ffedbf10000 - 0x00007ffedbf1a000 	C:\WINDOWS\SYSTEM32\VERSION.dll
0x00007ffeeafd0000 - 0x00007ffeeb03f000 	C:\WINDOWS\System32\WS2_32.dll
0x00007ffee6610000 - 0x00007ffee663d000 	C:\WINDOWS\SYSTEM32\winmmbase.dll
0x00007ffee9420000 - 0x00007ffee946a000 	C:\WINDOWS\System32\cfgmgr32.dll
0x00007ffee8df0000 - 0x00007ffee8e01000 	C:\WINDOWS\System32\kernel.appcore.dll
0x00007ffeda3c0000 - 0x00007ffeda3d1000 	C:\Program Files\Android\Android Studio1\jre\bin\verify.dll
0x00007ffed09b0000 - 0x00007ffed0ba4000 	C:\WINDOWS\SYSTEM32\DBGHELP.DLL
0x00007ffed0970000 - 0x00007ffed099a000 	C:\WINDOWS\SYSTEM32\dbgcore.DLL
0x00007ffed6780000 - 0x00007ffed67a9000 	C:\Program Files\Android\Android Studio1\jre\bin\java.dll
0x00007ffede2a0000 - 0x00007ffede2ab000 	C:\Program Files\Android\Android Studio1\jre\bin\jimage.dll
0x00007ffed6760000 - 0x00007ffed6778000 	C:\Program Files\Android\Android Studio1\jre\bin\zip.dll

dbghelp: loaded successfully - version: 4.0.5 - missing functions: none
symbol engine: initialized successfully - sym options: 0x614 - pdb path: .;C:\Program Files\Android\Android Studio1\jre\bin;C:\WINDOWS\SYSTEM32;C:\WINDOWS\WinSxS\amd64_microsoft.windows.common-controls_6595b64144ccf1df_6.0.18362.1256_none_9e7e379be45e40e2;C:\Program Files\Android\Android Studio1\jre\bin\server

VM Arguments:
java_command: org.jetbrains.git4idea.http.GitAskPassApp Username for 'https://github.com': 
java_class_path (initial): C:/Program Files/Android/Android Studio1/plugins/git4idea/lib/git4idea-rt.jar;C:/Program Files/Android/Android Studio1/lib/xmlrpc-2.0.1.jar;C:/Program Files/Android/Android Studio1/lib/commons-codec-1.14.jar
Launcher Type: SUN_STANDARD

[Global flags]
     intx CICompilerCount                          = 3                                         {product} {ergonomic}
     uint ConcGCThreads                            = 1                                         {product} {ergonomic}
     uint G1ConcRefinementThreads                  = 4                                         {product} {ergonomic}
   size_t G1HeapRegionSize                         = 1048576                                   {product} {ergonomic}
    uintx GCDrainStackTargetSize                   = 64                                        {product} {ergonomic}
   size_t InitialHeapSize                          = 201326592                                 {product} {ergonomic}
   size_t MarkStackSize                            = 4194304                                   {product} {ergonomic}
   size_t MaxHeapSize                              = 3202351104                                {product} {ergonomic}
   size_t MaxNewSize                               = 1920991232                                {product} {ergonomic}
   size_t MinHeapDeltaBytes                        = 1048576                                   {product} {ergonomic}
    uintx NonNMethodCodeHeapSize                   = 5830732                                {pd product} {ergonomic}
    uintx NonProfiledCodeHeapSize                  = 122913754                              {pd product} {ergonomic}
    uintx ProfiledCodeHeapSize                     = 122913754                              {pd product} {ergonomic}
    uintx ReservedCodeCacheSize                    = 251658240                              {pd product} {ergonomic}
     bool SegmentedCodeCache                       = true                                      {product} {ergonomic}
     bool UseCompressedClassPointers               = true                                 {lp64_product} {ergonomic}
     bool UseCompressedOops                        = true                                 {lp64_product} {ergonomic}
     bool UseG1GC                                  = true                                      {product} {ergonomic}
     bool UseLargePagesIndividualAllocation        = false                                  {pd product} {ergonomic}

Logging:
Log output configuration:
 #0: stdout all=warning uptime,level,tags
 #1: stderr all=off uptime,level,tags

Environment Variables:
PATH=C:/Program Files/Git/mingw64/libexec/git-core;C:/Program Files/Git/mingw64/libexec/git-core;C:\Program Files\Git\mingw64\bin;C:\Program Files\Git\usr\bin;C:\Users\Francis pc\bin;C:\Program Files (x86)\Common Files\Oracle\Java\javapath;C:\ProgramData\Oracle\Java\javapath;C:\WINDOWS\system32;C:\WINDOWS;C:\WINDOWS\System32\Wbem;C:\WINDOWS\System32\WindowsPowerShell\v1.0\;C:\WINDOWS\System32\OpenSSH\;C:\Python27;C:\Program Files\PuTTY\;C:\Program Files\dotnet\;C:\Program Files\MongoDB\Server\4.2\bin;C:\Python27\Scripts\;C:\Program Files (x86)\Yarn\bin\;C:\Program Files\Microsoft SQL Server\130\Tools\Binn\;C:\Program Files\Microsoft SQL Server\Client SDK\ODBC\170\Tools\Binn\;C:\Program Files (x86)\Microsoft SQL Server\150\Tools\Binn\;C:\Program Files\Microsoft SQL Server\150\Tools\Binn\;C:\Program Files\Microsoft SQL Server\150\DTS\Binn\;C:\Program Files (x86)\Microsoft SQL Server\150\DTS\Binn\;C:\Program Files\Microsoft\Web Platform Installer\;C:\Program Files\Git\cmd;C:\Program Files\nodejs\;C:\opencv\opencv\build\x64\vc15\bin;C:\Users\Francis pc\AppData\Local\Microsoft\WindowsApps;C:\Users\Francis pc\AppData\Local\Programs\Microsoft VS Code\bin;C:\Program Files\heroku\bin;C:\Users\Francis pc\AppData\Local\Yarn\bin;C:\Users\Francis pc\.dotnet\tools;C:\Users\Francis pc\AppData\Roaming\npm;E:\Mark\flutter_windows_v0.6.0-beta\flutter\bin;C:\Users\Francis pc\AppData\Local\GitHubDesktop\bin
USERNAME=Francis pc
DISPLAY=:0.0
LC_ALL=en_US.UTF-8
OS=Windows_NT
PROCESSOR_IDENTIFIER=Intel64 Family 6 Model 61 Stepping 4, GenuineIntel



---------------  S Y S T E M  ---------------

OS: Windows 10 , 64 bit Build 18362 (10.0.18362.1110)
OS uptime: 3 days 15:26 hours

CPU:total 4 (initial active 4) (2 cores per cpu, 2 threads per core) family 6 model 61 stepping 4 microcode 0x2b, cmov, cx8, fxsr, mmx, sse, sse2, sse3, ssse3, sse4.1, sse4.2, popcnt, avx, avx2, aes, clmul, erms, 3dnowpref, lzcnt, ht, tsc, tscinvbit, bmi1, bmi2, adx, fma

Memory: 4k page, system-wide physical 12208M (6097M free)
TotalPageFile size 43461M (AvailPageFile size 2M)
current process WorkingSet (physical memory assigned to process): 18M, peak: 18M
current process commit charge ("private bytes"): 253M, peak: 253M

vm_info: OpenJDK 64-Bit Server VM (11.0.10+0-b96-7249189) for windows-amd64 JRE (11.0.10+0-b96-7249189), built on Mar 31 2021 21:44:00 by "builder" with MS VC++ 14.0 (VS2015)

END.
